2025-02-14 13:09:30,694 [Worker-4: Loading available Gradle versions] INFO  o.e.b.c.i.u.g.PublishedGradleVersions - Gradle version information cache is up-to-date. Trying to read.
2025-02-14 13:30:56,892 [ModalContext] INFO  o.e.m.c.i.e.AbstractTransferListenerAdapter - Downloading https://repo.maven.apache.org/maven2/org/apache/maven/archetypes/maven-archetype-simple/1.5/maven-archetype-simple-1.5.pom
2025-02-14 13:30:56,939 [ModalContext] INFO  o.e.m.c.i.e.AbstractTransferListenerAdapter - Downloaded https://repo.maven.apache.org/maven2/org/apache/maven/archetypes/maven-archetype-simple/1.5/maven-archetype-simple-1.5.pom
2025-02-14 13:30:56,984 [ModalContext] INFO  o.e.m.c.i.e.AbstractTransferListenerAdapter - Downloading https://repo.maven.apache.org/maven2/org/apache/maven/archetypes/maven-archetype-bundles/1.5/maven-archetype-bundles-1.5.pom
2025-02-14 13:30:57,017 [ModalContext] INFO  o.e.m.c.i.e.AbstractTransferListenerAdapter - Downloaded https://repo.maven.apache.org/maven2/org/apache/maven/archetypes/maven-archetype-bundles/1.5/maven-archetype-bundles-1.5.pom
2025-02-14 13:30:57,175 [ModalContext] INFO  o.e.m.c.i.e.AbstractTransferListenerAdapter - Downloading https://repo.maven.apache.org/maven2/org/apache/maven/archetypes/maven-archetype-simple/1.5/maven-archetype-simple-1.5.jar
2025-02-14 13:30:57,449 [ModalContext] INFO  o.e.m.c.i.e.AbstractTransferListenerAdapter - Downloaded https://repo.maven.apache.org/maven2/org/apache/maven/archetypes/maven-archetype-simple/1.5/maven-archetype-simple-1.5.jar
2025-02-14 13:32:21,158 [Worker-10: Launching mavenrun-ac823e14-41bb-4f44-a849-5e3435104507] INFO  o.eclipse.m2e.core.internal.Bundles - getClasspathEntries(Bundle=org.eclipse.m2e.maven.runtime_3.9.900.20240824-1409 [643])
2025-02-14 13:32:21,160 [Worker-10: Launching mavenrun-ac823e14-41bb-4f44-a849-5e3435104507] INFO  o.eclipse.m2e.core.internal.Bundles - 	Entry: C:\Users\dell\Downloads\eclipse-jee-2024-09-R-win32-x86_64\eclipse\plugins\org.eclipse.m2e.maven.runtime_3.9.900.20240824-1409
2025-02-14 13:32:21,161 [Worker-10: Launching mavenrun-ac823e14-41bb-4f44-a849-5e3435104507] INFO  o.eclipse.m2e.core.internal.Bundles - 	Entry: C:\Users\dell\Downloads\eclipse-jee-2024-09-R-win32-x86_64\eclipse\plugins\org.eclipse.m2e.maven.runtime_3.9.900.20240824-1409\jars\aopalliance-1.0.jar
2025-02-14 13:32:21,161 [Worker-10: Launching mavenrun-ac823e14-41bb-4f44-a849-5e3435104507] INFO  o.eclipse.m2e.core.internal.Bundles - 	Entry: C:\Users\dell\Downloads\eclipse-jee-2024-09-R-win32-x86_64\eclipse\plugins\org.eclipse.m2e.maven.runtime_3.9.900.20240824-1409\jars\guice-5.1.0.jar
2025-02-14 13:32:21,161 [Worker-10: Launching mavenrun-ac823e14-41bb-4f44-a849-5e3435104507] INFO  o.eclipse.m2e.core.internal.Bundles - 	Entry: C:\Users\dell\Downloads\eclipse-jee-2024-09-R-win32-x86_64\eclipse\plugins\org.eclipse.m2e.maven.runtime_3.9.900.20240824-1409\jars\httpclient-4.5.14.jar
2025-02-14 13:32:21,162 [Worker-10: Launching mavenrun-ac823e14-41bb-4f44-a849-5e3435104507] INFO  o.eclipse.m2e.core.internal.Bundles - 	Entry: C:\Users\dell\Downloads\eclipse-jee-2024-09-R-win32-x86_64\eclipse\plugins\org.eclipse.m2e.maven.runtime_3.9.900.20240824-1409\jars\httpcore-4.4.16.jar
2025-02-14 13:32:21,162 [Worker-10: Launching mavenrun-ac823e14-41bb-4f44-a849-5e3435104507] INFO  o.eclipse.m2e.core.internal.Bundles - 	Entry: C:\Users\dell\Downloads\eclipse-jee-2024-09-R-win32-x86_64\eclipse\plugins\org.eclipse.m2e.maven.runtime_3.9.900.20240824-1409\jars\jansi-2.4.1.jar
2025-02-14 13:32:21,162 [Worker-10: Launching mavenrun-ac823e14-41bb-4f44-a849-5e3435104507] INFO  o.eclipse.m2e.core.internal.Bundles - 	Entry: C:\Users\dell\Downloads\eclipse-jee-2024-09-R-win32-x86_64\eclipse\plugins\org.eclipse.m2e.maven.runtime_3.9.900.20240824-1409\jars\jcl-over-slf4j-1.7.36.jar
2025-02-14 13:32:21,162 [Worker-10: Launching mavenrun-ac823e14-41bb-4f44-a849-5e3435104507] INFO  o.eclipse.m2e.core.internal.Bundles - 	Entry: C:\Users\dell\Downloads\eclipse-jee-2024-09-R-win32-x86_64\eclipse\plugins\org.eclipse.m2e.maven.runtime_3.9.900.20240824-1409\jars\maven-artifact-3.9.9.jar
2025-02-14 13:32:21,163 [Worker-10: Launching mavenrun-ac823e14-41bb-4f44-a849-5e3435104507] INFO  o.eclipse.m2e.core.internal.Bundles - 	Entry: C:\Users\dell\Downloads\eclipse-jee-2024-09-R-win32-x86_64\eclipse\plugins\org.eclipse.m2e.maven.runtime_3.9.900.20240824-1409\jars\maven-builder-support-3.9.9.jar
2025-02-14 13:32:21,163 [Worker-10: Launching mavenrun-ac823e14-41bb-4f44-a849-5e3435104507] INFO  o.eclipse.m2e.core.internal.Bundles - 	Entry: C:\Users\dell\Downloads\eclipse-jee-2024-09-R-win32-x86_64\eclipse\plugins\org.eclipse.m2e.maven.runtime_3.9.900.20240824-1409\jars\maven-compat-3.9.9.jar
2025-02-14 13:32:21,164 [Worker-10: Launching mavenrun-ac823e14-41bb-4f44-a849-5e3435104507] INFO  o.eclipse.m2e.core.internal.Bundles - 	Entry: C:\Users\dell\Downloads\eclipse-jee-2024-09-R-win32-x86_64\eclipse\plugins\org.eclipse.m2e.maven.runtime_3.9.900.20240824-1409\jars\maven-core-3.9.9.jar
2025-02-14 13:32:21,164 [Worker-10: Launching mavenrun-ac823e14-41bb-4f44-a849-5e3435104507] INFO  o.eclipse.m2e.core.internal.Bundles - 	Entry: C:\Users\dell\Downloads\eclipse-jee-2024-09-R-win32-x86_64\eclipse\plugins\org.eclipse.m2e.maven.runtime_3.9.900.20240824-1409\jars\maven-embedder-3.9.9.jar
2025-02-14 13:32:21,164 [Worker-10: Launching mavenrun-ac823e14-41bb-4f44-a849-5e3435104507] INFO  o.eclipse.m2e.core.internal.Bundles - 	Entry: C:\Users\dell\Downloads\eclipse-jee-2024-09-R-win32-x86_64\eclipse\plugins\org.eclipse.m2e.maven.runtime_3.9.900.20240824-1409\jars\maven-model-3.9.9.jar
2025-02-14 13:32:21,164 [Worker-10: Launching mavenrun-ac823e14-41bb-4f44-a849-5e3435104507] INFO  o.eclipse.m2e.core.internal.Bundles - 	Entry: C:\Users\dell\Downloads\eclipse-jee-2024-09-R-win32-x86_64\eclipse\plugins\org.eclipse.m2e.maven.runtime_3.9.900.20240824-1409\jars\maven-model-builder-3.9.9.jar
2025-02-14 13:32:21,165 [Worker-10: Launching mavenrun-ac823e14-41bb-4f44-a849-5e3435104507] INFO  o.eclipse.m2e.core.internal.Bundles - 	Entry: C:\Users\dell\Downloads\eclipse-jee-2024-09-R-win32-x86_64\eclipse\plugins\org.eclipse.m2e.maven.runtime_3.9.900.20240824-1409\jars\maven-plugin-api-3.9.9.jar
2025-02-14 13:32:21,165 [Worker-10: Launching mavenrun-ac823e14-41bb-4f44-a849-5e3435104507] INFO  o.eclipse.m2e.core.internal.Bundles - 	Entry: C:\Users\dell\Downloads\eclipse-jee-2024-09-R-win32-x86_64\eclipse\plugins\org.eclipse.m2e.maven.runtime_3.9.900.20240824-1409\jars\maven-repository-metadata-3.9.9.jar
2025-02-14 13:32:21,166 [Worker-10: Launching mavenrun-ac823e14-41bb-4f44-a849-5e3435104507] INFO  o.eclipse.m2e.core.internal.Bundles - 	Entry: C:\Users\dell\Downloads\eclipse-jee-2024-09-R-win32-x86_64\eclipse\plugins\org.eclipse.m2e.maven.runtime_3.9.900.20240824-1409\jars\maven-resolver-api-1.9.22.jar
2025-02-14 13:32:21,166 [Worker-10: Launching mavenrun-ac823e14-41bb-4f44-a849-5e3435104507] INFO  o.eclipse.m2e.core.internal.Bundles - 	Entry: C:\Users\dell\Downloads\eclipse-jee-2024-09-R-win32-x86_64\eclipse\plugins\org.eclipse.m2e.maven.runtime_3.9.900.20240824-1409\jars\maven-resolver-connector-basic-1.9.22.jar
2025-02-14 13:32:21,166 [Worker-10: Launching mavenrun-ac823e14-41bb-4f44-a849-5e3435104507] INFO  o.eclipse.m2e.core.internal.Bundles - 	Entry: C:\Users\dell\Downloads\eclipse-jee-2024-09-R-win32-x86_64\eclipse\plugins\org.eclipse.m2e.maven.runtime_3.9.900.20240824-1409\jars\maven-resolver-impl-1.9.22.jar
2025-02-14 13:32:21,167 [Worker-10: Launching mavenrun-ac823e14-41bb-4f44-a849-5e3435104507] INFO  o.eclipse.m2e.core.internal.Bundles - 	Entry: C:\Users\dell\Downloads\eclipse-jee-2024-09-R-win32-x86_64\eclipse\plugins\org.eclipse.m2e.maven.runtime_3.9.900.20240824-1409\jars\maven-resolver-named-locks-1.9.22.jar
2025-02-14 13:32:21,167 [Worker-10: Launching mavenrun-ac823e14-41bb-4f44-a849-5e3435104507] INFO  o.eclipse.m2e.core.internal.Bundles - 	Entry: C:\Users\dell\Downloads\eclipse-jee-2024-09-R-win32-x86_64\eclipse\plugins\org.eclipse.m2e.maven.runtime_3.9.900.20240824-1409\jars\maven-resolver-provider-3.9.9.jar
2025-02-14 13:32:21,168 [Worker-10: Launching mavenrun-ac823e14-41bb-4f44-a849-5e3435104507] INFO  o.eclipse.m2e.core.internal.Bundles - 	Entry: C:\Users\dell\Downloads\eclipse-jee-2024-09-R-win32-x86_64\eclipse\plugins\org.eclipse.m2e.maven.runtime_3.9.900.20240824-1409\jars\maven-resolver-spi-1.9.22.jar
2025-02-14 13:32:21,168 [Worker-10: Launching mavenrun-ac823e14-41bb-4f44-a849-5e3435104507] INFO  o.eclipse.m2e.core.internal.Bundles - 	Entry: C:\Users\dell\Downloads\eclipse-jee-2024-09-R-win32-x86_64\eclipse\plugins\org.eclipse.m2e.maven.runtime_3.9.900.20240824-1409\jars\maven-resolver-transport-file-1.9.22.jar
2025-02-14 13:32:21,169 [Worker-10: Launching mavenrun-ac823e14-41bb-4f44-a849-5e3435104507] INFO  o.eclipse.m2e.core.internal.Bundles - 	Entry: C:\Users\dell\Downloads\eclipse-jee-2024-09-R-win32-x86_64\eclipse\plugins\org.eclipse.m2e.maven.runtime_3.9.900.20240824-1409\jars\maven-resolver-transport-http-1.9.22.jar
2025-02-14 13:32:21,169 [Worker-10: Launching mavenrun-ac823e14-41bb-4f44-a849-5e3435104507] INFO  o.eclipse.m2e.core.internal.Bundles - 	Entry: C:\Users\dell\Downloads\eclipse-jee-2024-09-R-win32-x86_64\eclipse\plugins\org.eclipse.m2e.maven.runtime_3.9.900.20240824-1409\jars\maven-resolver-transport-wagon-1.9.22.jar
2025-02-14 13:32:21,169 [Worker-10: Launching mavenrun-ac823e14-41bb-4f44-a849-5e3435104507] INFO  o.eclipse.m2e.core.internal.Bundles - 	Entry: C:\Users\dell\Downloads\eclipse-jee-2024-09-R-win32-x86_64\eclipse\plugins\org.eclipse.m2e.maven.runtime_3.9.900.20240824-1409\jars\maven-resolver-util-1.9.22.jar
2025-02-14 13:32:21,170 [Worker-10: Launching mavenrun-ac823e14-41bb-4f44-a849-5e3435104507] INFO  o.eclipse.m2e.core.internal.Bundles - 	Entry: C:\Users\dell\Downloads\eclipse-jee-2024-09-R-win32-x86_64\eclipse\plugins\org.eclipse.m2e.maven.runtime_3.9.900.20240824-1409\jars\maven-settings-3.9.9.jar
2025-02-14 13:32:21,170 [Worker-10: Launching mavenrun-ac823e14-41bb-4f44-a849-5e3435104507] INFO  o.eclipse.m2e.core.internal.Bundles - 	Entry: C:\Users\dell\Downloads\eclipse-jee-2024-09-R-win32-x86_64\eclipse\plugins\org.eclipse.m2e.maven.runtime_3.9.900.20240824-1409\jars\maven-settings-builder-3.9.9.jar
2025-02-14 13:32:21,170 [Worker-10: Launching mavenrun-ac823e14-41bb-4f44-a849-5e3435104507] INFO  o.eclipse.m2e.core.internal.Bundles - 	Entry: C:\Users\dell\Downloads\eclipse-jee-2024-09-R-win32-x86_64\eclipse\plugins\org.eclipse.m2e.maven.runtime_3.9.900.20240824-1409\jars\maven-shared-utils-3.4.2.jar
2025-02-14 13:32:21,171 [Worker-10: Launching mavenrun-ac823e14-41bb-4f44-a849-5e3435104507] INFO  o.eclipse.m2e.core.internal.Bundles - 	Entry: C:\Users\dell\Downloads\eclipse-jee-2024-09-R-win32-x86_64\eclipse\plugins\org.eclipse.m2e.maven.runtime_3.9.900.20240824-1409\jars\org.eclipse.sisu.inject-0.9.0.M3.jar
2025-02-14 13:32:21,171 [Worker-10: Launching mavenrun-ac823e14-41bb-4f44-a849-5e3435104507] INFO  o.eclipse.m2e.core.internal.Bundles - 	Entry: C:\Users\dell\Downloads\eclipse-jee-2024-09-R-win32-x86_64\eclipse\plugins\org.eclipse.m2e.maven.runtime_3.9.900.20240824-1409\jars\org.eclipse.sisu.plexus-0.9.0.M3.jar
2025-02-14 13:32:21,171 [Worker-10: Launching mavenrun-ac823e14-41bb-4f44-a849-5e3435104507] INFO  o.eclipse.m2e.core.internal.Bundles - 	Entry: C:\Users\dell\Downloads\eclipse-jee-2024-09-R-win32-x86_64\eclipse\plugins\org.eclipse.m2e.maven.runtime_3.9.900.20240824-1409\jars\plexus-build-api-0.0.7.jar
2025-02-14 13:32:21,172 [Worker-10: Launching mavenrun-ac823e14-41bb-4f44-a849-5e3435104507] INFO  o.eclipse.m2e.core.internal.Bundles - 	Entry: C:\Users\dell\Downloads\eclipse-jee-2024-09-R-win32-x86_64\eclipse\plugins\org.eclipse.m2e.maven.runtime_3.9.900.20240824-1409\jars\plexus-build-api-1.2.0.jar
2025-02-14 13:32:21,173 [Worker-10: Launching mavenrun-ac823e14-41bb-4f44-a849-5e3435104507] INFO  o.eclipse.m2e.core.internal.Bundles - 	Entry: C:\Users\dell\Downloads\eclipse-jee-2024-09-R-win32-x86_64\eclipse\plugins\org.eclipse.m2e.maven.runtime_3.9.900.20240824-1409\jars\plexus-cipher-2.0.jar
2025-02-14 13:32:21,173 [Worker-10: Launching mavenrun-ac823e14-41bb-4f44-a849-5e3435104507] INFO  o.eclipse.m2e.core.internal.Bundles - 	Entry: C:\Users\dell\Downloads\eclipse-jee-2024-09-R-win32-x86_64\eclipse\plugins\org.eclipse.m2e.maven.runtime_3.9.900.20240824-1409\jars\plexus-classworlds-2.8.0.jar
2025-02-14 13:32:21,173 [Worker-10: Launching mavenrun-ac823e14-41bb-4f44-a849-5e3435104507] INFO  o.eclipse.m2e.core.internal.Bundles - 	Entry: C:\Users\dell\Downloads\eclipse-jee-2024-09-R-win32-x86_64\eclipse\plugins\org.eclipse.m2e.maven.runtime_3.9.900.20240824-1409\jars\plexus-component-annotations-2.1.0.jar
2025-02-14 13:32:21,174 [Worker-10: Launching mavenrun-ac823e14-41bb-4f44-a849-5e3435104507] INFO  o.eclipse.m2e.core.internal.Bundles - 	Entry: C:\Users\dell\Downloads\eclipse-jee-2024-09-R-win32-x86_64\eclipse\plugins\org.eclipse.m2e.maven.runtime_3.9.900.20240824-1409\jars\plexus-interpolation-1.27.jar
2025-02-14 13:32:21,174 [Worker-10: Launching mavenrun-ac823e14-41bb-4f44-a849-5e3435104507] INFO  o.eclipse.m2e.core.internal.Bundles - 	Entry: C:\Users\dell\Downloads\eclipse-jee-2024-09-R-win32-x86_64\eclipse\plugins\org.eclipse.m2e.maven.runtime_3.9.900.20240824-1409\jars\plexus-sec-dispatcher-2.0.jar
2025-02-14 13:32:21,174 [Worker-10: Launching mavenrun-ac823e14-41bb-4f44-a849-5e3435104507] INFO  o.eclipse.m2e.core.internal.Bundles - 	Entry: C:\Users\dell\Downloads\eclipse-jee-2024-09-R-win32-x86_64\eclipse\plugins\org.eclipse.m2e.maven.runtime_3.9.900.20240824-1409\jars\plexus-utils-3.5.1.jar
2025-02-14 13:32:21,175 [Worker-10: Launching mavenrun-ac823e14-41bb-4f44-a849-5e3435104507] INFO  o.eclipse.m2e.core.internal.Bundles - 	Entry: C:\Users\dell\Downloads\eclipse-jee-2024-09-R-win32-x86_64\eclipse\plugins\org.eclipse.m2e.maven.runtime_3.9.900.20240824-1409\jars\plexus-xml-3.0.1.jar
2025-02-14 13:32:21,175 [Worker-10: Launching mavenrun-ac823e14-41bb-4f44-a849-5e3435104507] INFO  o.eclipse.m2e.core.internal.Bundles - 	Entry: C:\Users\dell\Downloads\eclipse-jee-2024-09-R-win32-x86_64\eclipse\plugins\org.eclipse.m2e.maven.runtime_3.9.900.20240824-1409\jars\wagon-file-3.5.3.jar
2025-02-14 13:32:21,175 [Worker-10: Launching mavenrun-ac823e14-41bb-4f44-a849-5e3435104507] INFO  o.eclipse.m2e.core.internal.Bundles - 	Entry: C:\Users\dell\Downloads\eclipse-jee-2024-09-R-win32-x86_64\eclipse\plugins\org.eclipse.m2e.maven.runtime_3.9.900.20240824-1409\jars\wagon-http-3.5.3.jar
2025-02-14 13:32:21,177 [Worker-10: Launching mavenrun-ac823e14-41bb-4f44-a849-5e3435104507] INFO  o.eclipse.m2e.core.internal.Bundles - 	Entry: C:\Users\dell\Downloads\eclipse-jee-2024-09-R-win32-x86_64\eclipse\plugins\org.eclipse.m2e.maven.runtime_3.9.900.20240824-1409\jars\wagon-http-shared-3.5.3.jar
2025-02-14 13:32:21,177 [Worker-10: Launching mavenrun-ac823e14-41bb-4f44-a849-5e3435104507] INFO  o.eclipse.m2e.core.internal.Bundles - 	Entry: C:\Users\dell\Downloads\eclipse-jee-2024-09-R-win32-x86_64\eclipse\plugins\org.eclipse.m2e.maven.runtime_3.9.900.20240824-1409\jars\wagon-provider-api-3.5.3.jar
2025-02-14 13:32:21,180 [Worker-10: Launching mavenrun-ac823e14-41bb-4f44-a849-5e3435104507] INFO  o.eclipse.m2e.core.internal.Bundles - getClasspathEntries(Bundle=com.google.guava_33.3.0.jre [16])
2025-02-14 13:32:21,181 [Worker-10: Launching mavenrun-ac823e14-41bb-4f44-a849-5e3435104507] INFO  o.eclipse.m2e.core.internal.Bundles - 	Entry: C:\Users\dell\Downloads\eclipse-jee-2024-09-R-win32-x86_64\eclipse\plugins\com.google.guava_33.3.0.jre.jar
2025-02-14 13:32:21,181 [Worker-10: Launching mavenrun-ac823e14-41bb-4f44-a849-5e3435104507] INFO  o.eclipse.m2e.core.internal.Bundles - getClasspathEntries(Bundle=slf4j.api_2.0.16 [1008])
2025-02-14 13:32:21,183 [Worker-10: Launching mavenrun-ac823e14-41bb-4f44-a849-5e3435104507] INFO  o.eclipse.m2e.core.internal.Bundles - 	Entry: C:\Users\dell\Downloads\eclipse-jee-2024-09-R-win32-x86_64\eclipse\plugins\slf4j.api_2.0.16.jar
2025-02-14 13:32:21,183 [Worker-10: Launching mavenrun-ac823e14-41bb-4f44-a849-5e3435104507] INFO  o.eclipse.m2e.core.internal.Bundles - getClasspathEntries(Bundle=jakarta.inject.jakarta.inject-api_1.0.5 [34])
2025-02-14 13:32:21,184 [Worker-10: Launching mavenrun-ac823e14-41bb-4f44-a849-5e3435104507] INFO  o.eclipse.m2e.core.internal.Bundles - 	Entry: C:\Users\dell\Downloads\eclipse-jee-2024-09-R-win32-x86_64\eclipse\plugins\jakarta.inject.jakarta.inject-api_1.0.5.jar
2025-02-14 13:32:21,184 [Worker-10: Launching mavenrun-ac823e14-41bb-4f44-a849-5e3435104507] INFO  o.eclipse.m2e.core.internal.Bundles - getClasspathEntries(Bundle=jakarta.annotation-api_1.3.5 [29])
2025-02-14 13:32:21,195 [Worker-10: Launching mavenrun-ac823e14-41bb-4f44-a849-5e3435104507] INFO  o.eclipse.m2e.core.internal.Bundles - 	Entry: C:\Users\dell\Downloads\eclipse-jee-2024-09-R-win32-x86_64\eclipse\plugins\jakarta.annotation-api_1.3.5.jar
2025-02-14 13:32:21,195 [Worker-10: Launching mavenrun-ac823e14-41bb-4f44-a849-5e3435104507] INFO  o.eclipse.m2e.core.internal.Bundles - getClasspathEntries(Bundle=org.apache.commons.cli_1.9.0 [78])
2025-02-14 13:32:21,196 [Worker-10: Launching mavenrun-ac823e14-41bb-4f44-a849-5e3435104507] INFO  o.eclipse.m2e.core.internal.Bundles - 	Entry: C:\Users\dell\Downloads\eclipse-jee-2024-09-R-win32-x86_64\eclipse\plugins\org.apache.commons.cli_1.9.0.jar
2025-02-14 13:32:21,196 [Worker-10: Launching mavenrun-ac823e14-41bb-4f44-a849-5e3435104507] INFO  o.eclipse.m2e.core.internal.Bundles - getClasspathEntries(Bundle=org.apache.commons.commons-codec_1.16.0 [81])
2025-02-14 13:32:21,198 [Worker-10: Launching mavenrun-ac823e14-41bb-4f44-a849-5e3435104507] INFO  o.eclipse.m2e.core.internal.Bundles - 	Entry: C:\Users\dell\Downloads\eclipse-jee-2024-09-R-win32-x86_64\eclipse\plugins\org.apache.commons.commons-codec_1.16.0.jar
2025-02-14 13:32:21,200 [Worker-10: Launching mavenrun-ac823e14-41bb-4f44-a849-5e3435104507] INFO  o.eclipse.m2e.core.internal.Bundles - getClasspathEntries(Bundle=com.google.guava.failureaccess_1.0.2 [17])
2025-02-14 13:32:21,201 [Worker-10: Launching mavenrun-ac823e14-41bb-4f44-a849-5e3435104507] INFO  o.eclipse.m2e.core.internal.Bundles - 	Entry: C:\Users\dell\Downloads\eclipse-jee-2024-09-R-win32-x86_64\eclipse\plugins\com.google.guava.failureaccess_1.0.2.jar
2025-02-14 13:32:21,213 [Worker-10: Launching mavenrun-ac823e14-41bb-4f44-a849-5e3435104507] INFO  o.e.m.i.launch.MavenLaunchDelegate - Run build in "C:\Users\dell\AppData\Local\Temp\m2e-archetypeGenerator9507852559710590496":
2025-02-14 13:32:21,228 [Worker-10: Launching mavenrun-ac823e14-41bb-4f44-a849-5e3435104507] INFO  o.e.m.i.launch.MavenLaunchDelegate -  mvn  -DarchetypeGroupId=org.apache.maven.archetypes -DarchetypeArtifactId=maven-archetype-simple -DarchetypeVersion=1.5 -DgroupId=Selenium -DartifactId=Test -Dversion=0.0.1-SNAPSHOT -Dpackage=Selenium.Test -DoutputDirectory=D:\selenium -Dstyle.color=always -U archetype:generate
2025-02-14 13:39:50,981 [Start Help Server] INFO  org.eclipse.jetty.server.Server - jetty-12.0.12; built: 2024-07-25T21:58:37.668Z; git: cc6f1b74db755fed228b50701ad967aeaa68e83f; jvm 21.0.4+7-LTS
2025-02-14 13:39:51,059 [Start Help Server] INFO  o.e.j.server.handler.ContextHandler - Started oeje8n.ContextHandler$CoreContextHandler@1d5a7986{/help,/help,b=null,a=AVAILABLE,h=oeje8n.ContextHandler$CoreContextHandler$CoreToNestedHandler@3e8963a8{STARTED}}
2025-02-14 13:39:51,060 [Start Help Server] INFO  o.e.j.s.DefaultSessionIdManager - Session workerName=node0
2025-02-14 13:39:51,091 [Start Help Server] INFO  o.e.jetty.server.AbstractConnector - Started ServerConnector@3210b5cf{HTTP/1.1, (http/1.1)}{127.0.0.1:50627}
2025-02-14 13:39:51,106 [Start Help Server] INFO  org.eclipse.jetty.server.Server - Started oejs.Server@580eeaaf{STARTING}[12.0.12,sto=0] @2006954ms
2025-02-14 13:39:51,916 [qtp562303380-150] INFO  o.e.j.e.nested.ContextHandler._help - Warning: No org.apache.tomcat.JarScanner set in ServletContext. Falling back to default JarScanner implementation.
2025-02-14 13:39:52,996 [qtp562303380-150] INFO  o.e.j.e.nested.ContextHandler._help - Warning: No org.apache.tomcat.JarScanner set in ServletContext. Falling back to default JarScanner implementation.
2025-02-14 13:43:40,755 [Worker-5: Creating maven-archetype-simple] INFO  o.e.m.c.i.p.ProjectConfigurationManager - Collecting project info '/pom.xml' D:\selenium\Test\pom.xml
2025-02-14 13:43:40,820 [Worker-5: Creating maven-archetype-simple] ERROR o.e.m.c.i.URLConnectionCaches - Unexpected URLConnection defaultUseCaches enabled
2025-02-14 13:43:41,327 [Worker-5: Creating maven-archetype-simple] INFO  o.e.m.c.i.e.AbstractTransferListenerAdapter - Downloading https://repo.maven.apache.org/maven2/org/apache/maven/plugins/maven-clean-plugin/3.4.0/maven-clean-plugin-3.4.0.jar
2025-02-14 13:43:41,748 [Worker-5: Creating maven-archetype-simple] INFO  o.e.m.c.i.e.AbstractTransferListenerAdapter - Downloaded https://repo.maven.apache.org/maven2/org/apache/maven/plugins/maven-clean-plugin/3.4.0/maven-clean-plugin-3.4.0.jar
2025-02-14 13:43:42,181 [Worker-5: Creating maven-archetype-simple] INFO  o.e.m.c.i.e.AbstractTransferListenerAdapter - Downloading https://repo.maven.apache.org/maven2/org/apache/maven/plugins/maven-surefire-plugin/3.3.0/maven-surefire-plugin-3.3.0.jar
2025-02-14 13:43:42,494 [Worker-5: Creating maven-archetype-simple] INFO  o.e.m.c.i.e.AbstractTransferListenerAdapter - Downloaded https://repo.maven.apache.org/maven2/org/apache/maven/plugins/maven-surefire-plugin/3.3.0/maven-surefire-plugin-3.3.0.jar
2025-02-14 13:43:42,704 [Worker-5: Creating maven-archetype-simple] INFO  o.e.m.c.i.e.AbstractTransferListenerAdapter - Downloading https://repo.maven.apache.org/maven2/org/apache/maven/plugins/maven-jar-plugin/3.4.2/maven-jar-plugin-3.4.2.jar
2025-02-14 13:43:43,068 [Worker-5: Creating maven-archetype-simple] INFO  o.e.m.c.i.e.AbstractTransferListenerAdapter - Downloaded https://repo.maven.apache.org/maven2/org/apache/maven/plugins/maven-jar-plugin/3.4.2/maven-jar-plugin-3.4.2.jar
2025-02-14 13:43:44,844 [Worker-5: Creating maven-archetype-simple] INFO  o.e.m.c.i.l.LifecycleMappingFactory - Using org.eclipse.m2e.jdt.JarLifecycleMapping lifecycle mapping for MavenProject: Selenium:Test:0.0.1-SNAPSHOT @ D:\selenium\Test\pom.xml.
2025-02-14 13:43:44,982 [Worker-5: Creating maven-archetype-simple] INFO  o.e.m.c.i.e.AbstractTransferListenerAdapter - Downloading https://repo.maven.apache.org/maven2/org/apache/maven/plugins/maven-surefire-plugin/3.3.0/maven-surefire-plugin-3.3.0.pom
2025-02-14 13:43:45,014 [Worker-5: Creating maven-archetype-simple] INFO  o.e.m.c.i.e.AbstractTransferListenerAdapter - Downloaded https://repo.maven.apache.org/maven2/org/apache/maven/plugins/maven-surefire-plugin/3.3.0/maven-surefire-plugin-3.3.0.pom
2025-02-14 13:43:45,047 [Worker-5: Creating maven-archetype-simple] INFO  o.e.m.c.i.e.AbstractTransferListenerAdapter - Downloading https://repo.maven.apache.org/maven2/org/apache/maven/surefire/surefire/3.3.0/surefire-3.3.0.pom
2025-02-14 13:43:45,084 [Worker-5: Creating maven-archetype-simple] INFO  o.e.m.c.i.e.AbstractTransferListenerAdapter - Downloaded https://repo.maven.apache.org/maven2/org/apache/maven/surefire/surefire/3.3.0/surefire-3.3.0.pom
2025-02-14 13:43:45,161 [Worker-5: Creating maven-archetype-simple] INFO  o.e.m.c.i.e.AbstractTransferListenerAdapter - Downloading https://repo.maven.apache.org/maven2/org/apache/maven/plugins/maven-jar-plugin/3.4.2/maven-jar-plugin-3.4.2.pom
2025-02-14 13:43:45,203 [Worker-5: Creating maven-archetype-simple] INFO  o.e.m.c.i.e.AbstractTransferListenerAdapter - Downloaded https://repo.maven.apache.org/maven2/org/apache/maven/plugins/maven-jar-plugin/3.4.2/maven-jar-plugin-3.4.2.pom
2025-02-14 13:43:46,400 [Worker-5: Creating maven-archetype-simple] ERROR o.e.m.c.i.URLConnectionCaches - Unexpected URLConnection defaultUseCaches enabled
2025-02-14 13:43:47,143 [Worker-5: Creating maven-archetype-simple] INFO  o.e.m.j.i.AbstractJavaProjectConfigurator - Adding source folder /Test/src/main/java
2025-02-14 13:43:47,146 [Worker-5: Creating maven-archetype-simple] INFO  o.e.m.j.i.AbstractJavaProjectConfigurator - Adding resource folder /Test/src/main/resources
2025-02-14 13:43:47,167 [Worker-5: Creating maven-archetype-simple] INFO  o.e.m.j.i.AbstractJavaProjectConfigurator - Adding source folder /Test/src/test/java
2025-02-14 13:43:47,168 [Worker-5: Creating maven-archetype-simple] INFO  o.e.m.j.i.AbstractJavaProjectConfigurator - Adding resource folder /Test/src/test/resources
2025-02-14 13:43:47,389 [Worker-5: Creating maven-archetype-simple] INFO  o.e.m.c.i.p.ProjectConfigurationManager - Imported and configured 1 project(s) in 6 sec
2025-02-14 13:43:48,932 [Worker-14: Building] ERROR o.e.m.c.i.URLConnectionCaches - Unexpected URLConnection defaultUseCaches enabled
2025-02-14 13:43:49,164 [Worker-14: Building] INFO  o.a.m.s.f.DefaultMavenResourcesFiltering - skip non existing resourceDirectory D:\selenium\Test\src\main\resources
2025-02-14 13:43:49,169 [Worker-14: Building] INFO  o.a.m.s.f.DefaultMavenResourcesFiltering - skip non existing resourceDirectory D:\selenium\Test\src\test\resources
2025-02-14 13:44:30,118 [Worker-15: Building] ERROR o.e.m.c.i.URLConnectionCaches - Unexpected URLConnection defaultUseCaches enabled
2025-02-14 13:44:59,665 [Worker-14: Building] ERROR o.e.m.c.i.URLConnectionCaches - Unexpected URLConnection defaultUseCaches enabled
2025-02-14 13:44:59,707 [Worker-14: Building] INFO  o.a.m.s.f.DefaultMavenResourcesFiltering - skip non existing resourceDirectory D:\selenium\Test\src\main\resources
2025-02-14 13:44:59,717 [Worker-14: Building] INFO  o.a.m.s.f.DefaultMavenResourcesFiltering - skip non existing resourceDirectory D:\selenium\Test\src\test\resources
2025-02-14 13:48:01,028 [Worker-16: Building] ERROR o.e.m.c.i.URLConnectionCaches - Unexpected URLConnection defaultUseCaches enabled
2025-02-14 13:48:01,232 [Worker-16: Building] INFO  o.e.m.c.i.l.LifecycleMappingFactory - Using org.eclipse.m2e.jdt.JarLifecycleMapping lifecycle mapping for MavenProject: Selenium:Test:0.0.1-SNAPSHOT @ D:\selenium\Test\pom.xml.
2025-02-14 13:48:06,719 [Worker-16: Building] ERROR o.e.m.c.i.URLConnectionCaches - Unexpected URLConnection defaultUseCaches enabled
2025-02-14 13:48:06,953 [Worker-16: Building] INFO  o.a.m.s.f.DefaultMavenResourcesFiltering - skip non existing resourceDirectory D:\selenium\Test\src\main\resources
2025-02-14 13:48:06,960 [Worker-16: Building] INFO  o.a.m.s.f.DefaultMavenResourcesFiltering - skip non existing resourceDirectory D:\selenium\Test\src\test\resources
2025-02-14 13:48:08,325 [Worker-16: Building] ERROR o.e.m.c.i.URLConnectionCaches - Unexpected URLConnection defaultUseCaches enabled
2025-02-14 13:48:08,332 [Worker-16: Building] INFO  o.a.m.s.f.DefaultMavenResourcesFiltering - skip non existing resourceDirectory D:\selenium\Test\src\main\resources
2025-02-14 13:48:08,336 [Worker-16: Building] INFO  o.a.m.s.f.DefaultMavenResourcesFiltering - skip non existing resourceDirectory D:\selenium\Test\src\test\resources
2025-02-14 13:52:15,457 [Worker-14: Building] ERROR o.e.m.c.i.URLConnectionCaches - Unexpected URLConnection defaultUseCaches enabled
2025-02-14 13:52:15,469 [Worker-14: Building] INFO  o.a.m.s.f.DefaultMavenResourcesFiltering - skip non existing resourceDirectory D:\selenium\Test\src\main\resources
2025-02-14 13:52:15,480 [Worker-14: Building] INFO  o.a.m.s.f.DefaultMavenResourcesFiltering - skip non existing resourceDirectory D:\selenium\Test\src\test\resources
2025-02-14 14:02:17,455 [Worker-26: Building] ERROR o.e.m.c.i.URLConnectionCaches - Unexpected URLConnection defaultUseCaches enabled
2025-02-14 14:02:17,462 [Worker-26: Building] INFO  o.a.m.s.f.DefaultMavenResourcesFiltering - skip non existing resourceDirectory D:\selenium\Test\src\main\resources
2025-02-14 14:02:17,467 [Worker-26: Building] INFO  o.a.m.s.f.DefaultMavenResourcesFiltering - skip non existing resourceDirectory D:\selenium\Test\src\test\resources
2025-02-14 14:06:02,698 [Worker-27: Building] ERROR o.e.m.c.i.URLConnectionCaches - Unexpected URLConnection defaultUseCaches enabled
2025-02-14 14:06:02,712 [Worker-27: Building] INFO  o.a.m.s.f.DefaultMavenResourcesFiltering - skip non existing resourceDirectory D:\selenium\Test\src\main\resources
2025-02-14 14:06:02,717 [Worker-27: Building] INFO  o.a.m.s.f.DefaultMavenResourcesFiltering - skip non existing resourceDirectory D:\selenium\Test\src\test\resources
2025-02-14 14:12:38,237 [Worker-32: Building] ERROR o.e.m.c.i.URLConnectionCaches - Unexpected URLConnection defaultUseCaches enabled
2025-02-14 14:12:38,243 [Worker-32: Building] INFO  o.a.m.s.f.DefaultMavenResourcesFiltering - skip non existing resourceDirectory D:\selenium\Test\src\main\resources
2025-02-14 14:12:38,248 [Worker-32: Building] INFO  o.a.m.s.f.DefaultMavenResourcesFiltering - skip non existing resourceDirectory D:\selenium\Test\src\test\resources
2025-02-14 14:18:29,207 [Worker-37: Building] ERROR o.e.m.c.i.URLConnectionCaches - Unexpected URLConnection defaultUseCaches enabled
2025-02-14 14:18:29,213 [Worker-37: Building] INFO  o.a.m.s.f.DefaultMavenResourcesFiltering - skip non existing resourceDirectory D:\selenium\Test\src\main\resources
2025-02-14 14:18:29,217 [Worker-37: Building] INFO  o.a.m.s.f.DefaultMavenResourcesFiltering - skip non existing resourceDirectory D:\selenium\Test\src\test\resources
2025-02-14 14:19:27,559 [Worker-39: Building] ERROR o.e.m.c.i.URLConnectionCaches - Unexpected URLConnection defaultUseCaches enabled
2025-02-14 14:19:27,563 [Worker-39: Building] INFO  o.a.m.s.f.DefaultMavenResourcesFiltering - skip non existing resourceDirectory D:\selenium\Test\src\main\resources
2025-02-14 14:19:27,567 [Worker-39: Building] INFO  o.a.m.s.f.DefaultMavenResourcesFiltering - skip non existing resourceDirectory D:\selenium\Test\src\test\resources
2025-02-14 14:25:09,457 [Worker-40: Building] ERROR o.e.m.c.i.URLConnectionCaches - Unexpected URLConnection defaultUseCaches enabled
2025-02-14 14:25:09,462 [Worker-40: Building] INFO  o.a.m.s.f.DefaultMavenResourcesFiltering - skip non existing resourceDirectory D:\selenium\Test\src\main\resources
2025-02-14 14:25:09,465 [Worker-40: Building] INFO  o.a.m.s.f.DefaultMavenResourcesFiltering - skip non existing resourceDirectory D:\selenium\Test\src\test\resources
2025-02-14 14:33:35,024 [Worker-48: Building] ERROR o.e.m.c.i.URLConnectionCaches - Unexpected URLConnection defaultUseCaches enabled
2025-02-14 14:33:35,030 [Worker-48: Building] INFO  o.a.m.s.f.DefaultMavenResourcesFiltering - skip non existing resourceDirectory D:\selenium\Test\src\main\resources
2025-02-14 14:33:35,033 [Worker-48: Building] INFO  o.a.m.s.f.DefaultMavenResourcesFiltering - skip non existing resourceDirectory D:\selenium\Test\src\test\resources
2025-02-14 14:44:34,715 [Worker-50: Building] ERROR o.e.m.c.i.URLConnectionCaches - Unexpected URLConnection defaultUseCaches enabled
2025-02-14 14:44:34,721 [Worker-50: Building] INFO  o.a.m.s.f.DefaultMavenResourcesFiltering - skip non existing resourceDirectory D:\selenium\Test\src\main\resources
2025-02-14 14:44:34,724 [Worker-50: Building] INFO  o.a.m.s.f.DefaultMavenResourcesFiltering - skip non existing resourceDirectory D:\selenium\Test\src\test\resources
2025-02-14 14:46:18,704 [Worker-53: Building] ERROR o.e.m.c.i.URLConnectionCaches - Unexpected URLConnection defaultUseCaches enabled
2025-02-14 14:46:18,708 [Worker-53: Building] INFO  o.a.m.s.f.DefaultMavenResourcesFiltering - skip non existing resourceDirectory D:\selenium\Test\src\main\resources
2025-02-14 14:46:18,711 [Worker-53: Building] INFO  o.a.m.s.f.DefaultMavenResourcesFiltering - skip non existing resourceDirectory D:\selenium\Test\src\test\resources
2025-02-14 14:50:10,515 [Worker-56: Building] ERROR o.e.m.c.i.URLConnectionCaches - Unexpected URLConnection defaultUseCaches enabled
2025-02-14 14:50:10,521 [Worker-56: Building] INFO  o.a.m.s.f.DefaultMavenResourcesFiltering - skip non existing resourceDirectory D:\selenium\Test\src\main\resources
2025-02-14 14:50:10,524 [Worker-56: Building] INFO  o.a.m.s.f.DefaultMavenResourcesFiltering - skip non existing resourceDirectory D:\selenium\Test\src\test\resources
2025-02-14 14:52:47,595 [Worker-57: Building] ERROR o.e.m.c.i.URLConnectionCaches - Unexpected URLConnection defaultUseCaches enabled
2025-02-14 14:52:47,599 [Worker-57: Building] INFO  o.a.m.s.f.DefaultMavenResourcesFiltering - skip non existing resourceDirectory D:\selenium\Test\src\main\resources
2025-02-14 14:52:47,602 [Worker-57: Building] INFO  o.a.m.s.f.DefaultMavenResourcesFiltering - skip non existing resourceDirectory D:\selenium\Test\src\test\resources
2025-02-14 14:57:27,951 [Worker-61: Building] ERROR o.e.m.c.i.URLConnectionCaches - Unexpected URLConnection defaultUseCaches enabled
2025-02-14 14:57:27,955 [Worker-61: Building] INFO  o.a.m.s.f.DefaultMavenResourcesFiltering - skip non existing resourceDirectory D:\selenium\Test\src\main\resources
2025-02-14 14:57:27,959 [Worker-61: Building] INFO  o.a.m.s.f.DefaultMavenResourcesFiltering - skip non existing resourceDirectory D:\selenium\Test\src\test\resources
2025-02-14 15:03:59,835 [Worker-66: Building] ERROR o.e.m.c.i.URLConnectionCaches - Unexpected URLConnection defaultUseCaches enabled
2025-02-14 15:03:59,840 [Worker-66: Building] INFO  o.a.m.s.f.DefaultMavenResourcesFiltering - skip non existing resourceDirectory D:\selenium\Test\src\main\resources
2025-02-14 15:03:59,845 [Worker-66: Building] INFO  o.a.m.s.f.DefaultMavenResourcesFiltering - skip non existing resourceDirectory D:\selenium\Test\src\test\resources
2025-02-14 15:10:55,323 [Worker-67: Building] ERROR o.e.m.c.i.URLConnectionCaches - Unexpected URLConnection defaultUseCaches enabled
2025-02-14 15:10:55,327 [Worker-67: Building] INFO  o.a.m.s.f.DefaultMavenResourcesFiltering - skip non existing resourceDirectory D:\selenium\Test\src\main\resources
2025-02-14 15:10:55,330 [Worker-67: Building] INFO  o.a.m.s.f.DefaultMavenResourcesFiltering - skip non existing resourceDirectory D:\selenium\Test\src\test\resources
2025-02-14 15:13:51,103 [Worker-73: Building] ERROR o.e.m.c.i.URLConnectionCaches - Unexpected URLConnection defaultUseCaches enabled
2025-02-14 15:13:51,107 [Worker-73: Building] INFO  o.a.m.s.f.DefaultMavenResourcesFiltering - skip non existing resourceDirectory D:\selenium\Test\src\main\resources
2025-02-14 15:13:51,111 [Worker-73: Building] INFO  o.a.m.s.f.DefaultMavenResourcesFiltering - skip non existing resourceDirectory D:\selenium\Test\src\test\resources
2025-02-14 15:16:06,537 [Worker-75: Building] ERROR o.e.m.c.i.URLConnectionCaches - Unexpected URLConnection defaultUseCaches enabled
2025-02-14 15:16:06,542 [Worker-75: Building] INFO  o.a.m.s.f.DefaultMavenResourcesFiltering - skip non existing resourceDirectory D:\selenium\Test\src\main\resources
2025-02-14 15:16:06,545 [Worker-75: Building] INFO  o.a.m.s.f.DefaultMavenResourcesFiltering - skip non existing resourceDirectory D:\selenium\Test\src\test\resources
2025-02-14 15:17:58,519 [Worker-76: Building] ERROR o.e.m.c.i.URLConnectionCaches - Unexpected URLConnection defaultUseCaches enabled
2025-02-14 15:17:58,524 [Worker-76: Building] INFO  o.a.m.s.f.DefaultMavenResourcesFiltering - skip non existing resourceDirectory D:\selenium\Test\src\main\resources
2025-02-14 15:17:58,529 [Worker-76: Building] INFO  o.a.m.s.f.DefaultMavenResourcesFiltering - skip non existing resourceDirectory D:\selenium\Test\src\test\resources
2025-02-14 15:31:51,709 [Worker-80: Building] ERROR o.e.m.c.i.URLConnectionCaches - Unexpected URLConnection defaultUseCaches enabled
2025-02-14 15:31:51,715 [Worker-80: Building] INFO  o.a.m.s.f.DefaultMavenResourcesFiltering - skip non existing resourceDirectory D:\selenium\Test\src\main\resources
2025-02-14 15:31:51,718 [Worker-80: Building] INFO  o.a.m.s.f.DefaultMavenResourcesFiltering - skip non existing resourceDirectory D:\selenium\Test\src\test\resources
2025-02-14 15:35:51,334 [Worker-84: Building] ERROR o.e.m.c.i.URLConnectionCaches - Unexpected URLConnection defaultUseCaches enabled
2025-02-14 15:35:51,338 [Worker-84: Building] INFO  o.a.m.s.f.DefaultMavenResourcesFiltering - skip non existing resourceDirectory D:\selenium\Test\src\main\resources
2025-02-14 15:35:51,347 [Worker-84: Building] INFO  o.a.m.s.f.DefaultMavenResourcesFiltering - skip non existing resourceDirectory D:\selenium\Test\src\test\resources
2025-02-14 15:51:55,306 [Worker-92: Building] ERROR o.e.m.c.i.URLConnectionCaches - Unexpected URLConnection defaultUseCaches enabled
2025-02-14 15:51:55,311 [Worker-92: Building] INFO  o.a.m.s.f.DefaultMavenResourcesFiltering - skip non existing resourceDirectory D:\selenium\Test\src\main\resources
2025-02-14 15:51:55,315 [Worker-92: Building] INFO  o.a.m.s.f.DefaultMavenResourcesFiltering - skip non existing resourceDirectory D:\selenium\Test\src\test\resources
2025-02-14 15:52:36,695 [Worker-89: Building] ERROR o.e.m.c.i.URLConnectionCaches - Unexpected URLConnection defaultUseCaches enabled
2025-02-14 15:52:36,699 [Worker-89: Building] INFO  o.a.m.s.f.DefaultMavenResourcesFiltering - skip non existing resourceDirectory D:\selenium\Test\src\main\resources
2025-02-14 15:52:36,702 [Worker-89: Building] INFO  o.a.m.s.f.DefaultMavenResourcesFiltering - skip non existing resourceDirectory D:\selenium\Test\src\test\resources
2025-02-14 16:35:33,257 [Worker-109: Launching mavenrun-7118a84e-34f6-4f03-aeb7-e2ec154ba889] INFO  o.eclipse.m2e.core.internal.Bundles - getClasspathEntries(Bundle=org.eclipse.m2e.maven.runtime_3.9.900.20240824-1409 [643])
2025-02-14 16:35:33,259 [Worker-109: Launching mavenrun-7118a84e-34f6-4f03-aeb7-e2ec154ba889] INFO  o.eclipse.m2e.core.internal.Bundles - 	Entry: C:\Users\dell\Downloads\eclipse-jee-2024-09-R-win32-x86_64\eclipse\plugins\org.eclipse.m2e.maven.runtime_3.9.900.20240824-1409
2025-02-14 16:35:33,260 [Worker-109: Launching mavenrun-7118a84e-34f6-4f03-aeb7-e2ec154ba889] INFO  o.eclipse.m2e.core.internal.Bundles - 	Entry: C:\Users\dell\Downloads\eclipse-jee-2024-09-R-win32-x86_64\eclipse\plugins\org.eclipse.m2e.maven.runtime_3.9.900.20240824-1409\jars\aopalliance-1.0.jar
2025-02-14 16:35:33,260 [Worker-109: Launching mavenrun-7118a84e-34f6-4f03-aeb7-e2ec154ba889] INFO  o.eclipse.m2e.core.internal.Bundles - 	Entry: C:\Users\dell\Downloads\eclipse-jee-2024-09-R-win32-x86_64\eclipse\plugins\org.eclipse.m2e.maven.runtime_3.9.900.20240824-1409\jars\guice-5.1.0.jar
2025-02-14 16:35:33,261 [Worker-109: Launching mavenrun-7118a84e-34f6-4f03-aeb7-e2ec154ba889] INFO  o.eclipse.m2e.core.internal.Bundles - 	Entry: C:\Users\dell\Downloads\eclipse-jee-2024-09-R-win32-x86_64\eclipse\plugins\org.eclipse.m2e.maven.runtime_3.9.900.20240824-1409\jars\httpclient-4.5.14.jar
2025-02-14 16:35:33,261 [Worker-109: Launching mavenrun-7118a84e-34f6-4f03-aeb7-e2ec154ba889] INFO  o.eclipse.m2e.core.internal.Bundles - 	Entry: C:\Users\dell\Downloads\eclipse-jee-2024-09-R-win32-x86_64\eclipse\plugins\org.eclipse.m2e.maven.runtime_3.9.900.20240824-1409\jars\httpcore-4.4.16.jar
2025-02-14 16:35:33,261 [Worker-109: Launching mavenrun-7118a84e-34f6-4f03-aeb7-e2ec154ba889] INFO  o.eclipse.m2e.core.internal.Bundles - 	Entry: C:\Users\dell\Downloads\eclipse-jee-2024-09-R-win32-x86_64\eclipse\plugins\org.eclipse.m2e.maven.runtime_3.9.900.20240824-1409\jars\jansi-2.4.1.jar
2025-02-14 16:35:33,261 [Worker-109: Launching mavenrun-7118a84e-34f6-4f03-aeb7-e2ec154ba889] INFO  o.eclipse.m2e.core.internal.Bundles - 	Entry: C:\Users\dell\Downloads\eclipse-jee-2024-09-R-win32-x86_64\eclipse\plugins\org.eclipse.m2e.maven.runtime_3.9.900.20240824-1409\jars\jcl-over-slf4j-1.7.36.jar
2025-02-14 16:35:33,262 [Worker-109: Launching mavenrun-7118a84e-34f6-4f03-aeb7-e2ec154ba889] INFO  o.eclipse.m2e.core.internal.Bundles - 	Entry: C:\Users\dell\Downloads\eclipse-jee-2024-09-R-win32-x86_64\eclipse\plugins\org.eclipse.m2e.maven.runtime_3.9.900.20240824-1409\jars\maven-artifact-3.9.9.jar
2025-02-14 16:35:33,262 [Worker-109: Launching mavenrun-7118a84e-34f6-4f03-aeb7-e2ec154ba889] INFO  o.eclipse.m2e.core.internal.Bundles - 	Entry: C:\Users\dell\Downloads\eclipse-jee-2024-09-R-win32-x86_64\eclipse\plugins\org.eclipse.m2e.maven.runtime_3.9.900.20240824-1409\jars\maven-builder-support-3.9.9.jar
2025-02-14 16:35:33,262 [Worker-109: Launching mavenrun-7118a84e-34f6-4f03-aeb7-e2ec154ba889] INFO  o.eclipse.m2e.core.internal.Bundles - 	Entry: C:\Users\dell\Downloads\eclipse-jee-2024-09-R-win32-x86_64\eclipse\plugins\org.eclipse.m2e.maven.runtime_3.9.900.20240824-1409\jars\maven-compat-3.9.9.jar
2025-02-14 16:35:33,262 [Worker-109: Launching mavenrun-7118a84e-34f6-4f03-aeb7-e2ec154ba889] INFO  o.eclipse.m2e.core.internal.Bundles - 	Entry: C:\Users\dell\Downloads\eclipse-jee-2024-09-R-win32-x86_64\eclipse\plugins\org.eclipse.m2e.maven.runtime_3.9.900.20240824-1409\jars\maven-core-3.9.9.jar
2025-02-14 16:35:33,263 [Worker-109: Launching mavenrun-7118a84e-34f6-4f03-aeb7-e2ec154ba889] INFO  o.eclipse.m2e.core.internal.Bundles - 	Entry: C:\Users\dell\Downloads\eclipse-jee-2024-09-R-win32-x86_64\eclipse\plugins\org.eclipse.m2e.maven.runtime_3.9.900.20240824-1409\jars\maven-embedder-3.9.9.jar
2025-02-14 16:35:33,263 [Worker-109: Launching mavenrun-7118a84e-34f6-4f03-aeb7-e2ec154ba889] INFO  o.eclipse.m2e.core.internal.Bundles - 	Entry: C:\Users\dell\Downloads\eclipse-jee-2024-09-R-win32-x86_64\eclipse\plugins\org.eclipse.m2e.maven.runtime_3.9.900.20240824-1409\jars\maven-model-3.9.9.jar
2025-02-14 16:35:33,263 [Worker-109: Launching mavenrun-7118a84e-34f6-4f03-aeb7-e2ec154ba889] INFO  o.eclipse.m2e.core.internal.Bundles - 	Entry: C:\Users\dell\Downloads\eclipse-jee-2024-09-R-win32-x86_64\eclipse\plugins\org.eclipse.m2e.maven.runtime_3.9.900.20240824-1409\jars\maven-model-builder-3.9.9.jar
2025-02-14 16:35:33,263 [Worker-109: Launching mavenrun-7118a84e-34f6-4f03-aeb7-e2ec154ba889] INFO  o.eclipse.m2e.core.internal.Bundles - 	Entry: C:\Users\dell\Downloads\eclipse-jee-2024-09-R-win32-x86_64\eclipse\plugins\org.eclipse.m2e.maven.runtime_3.9.900.20240824-1409\jars\maven-plugin-api-3.9.9.jar
2025-02-14 16:35:33,263 [Worker-109: Launching mavenrun-7118a84e-34f6-4f03-aeb7-e2ec154ba889] INFO  o.eclipse.m2e.core.internal.Bundles - 	Entry: C:\Users\dell\Downloads\eclipse-jee-2024-09-R-win32-x86_64\eclipse\plugins\org.eclipse.m2e.maven.runtime_3.9.900.20240824-1409\jars\maven-repository-metadata-3.9.9.jar
2025-02-14 16:35:33,264 [Worker-109: Launching mavenrun-7118a84e-34f6-4f03-aeb7-e2ec154ba889] INFO  o.eclipse.m2e.core.internal.Bundles - 	Entry: C:\Users\dell\Downloads\eclipse-jee-2024-09-R-win32-x86_64\eclipse\plugins\org.eclipse.m2e.maven.runtime_3.9.900.20240824-1409\jars\maven-resolver-api-1.9.22.jar
2025-02-14 16:35:33,264 [Worker-109: Launching mavenrun-7118a84e-34f6-4f03-aeb7-e2ec154ba889] INFO  o.eclipse.m2e.core.internal.Bundles - 	Entry: C:\Users\dell\Downloads\eclipse-jee-2024-09-R-win32-x86_64\eclipse\plugins\org.eclipse.m2e.maven.runtime_3.9.900.20240824-1409\jars\maven-resolver-connector-basic-1.9.22.jar
2025-02-14 16:35:33,264 [Worker-109: Launching mavenrun-7118a84e-34f6-4f03-aeb7-e2ec154ba889] INFO  o.eclipse.m2e.core.internal.Bundles - 	Entry: C:\Users\dell\Downloads\eclipse-jee-2024-09-R-win32-x86_64\eclipse\plugins\org.eclipse.m2e.maven.runtime_3.9.900.20240824-1409\jars\maven-resolver-impl-1.9.22.jar
2025-02-14 16:35:33,264 [Worker-109: Launching mavenrun-7118a84e-34f6-4f03-aeb7-e2ec154ba889] INFO  o.eclipse.m2e.core.internal.Bundles - 	Entry: C:\Users\dell\Downloads\eclipse-jee-2024-09-R-win32-x86_64\eclipse\plugins\org.eclipse.m2e.maven.runtime_3.9.900.20240824-1409\jars\maven-resolver-named-locks-1.9.22.jar
2025-02-14 16:35:33,264 [Worker-109: Launching mavenrun-7118a84e-34f6-4f03-aeb7-e2ec154ba889] INFO  o.eclipse.m2e.core.internal.Bundles - 	Entry: C:\Users\dell\Downloads\eclipse-jee-2024-09-R-win32-x86_64\eclipse\plugins\org.eclipse.m2e.maven.runtime_3.9.900.20240824-1409\jars\maven-resolver-provider-3.9.9.jar
2025-02-14 16:35:33,264 [Worker-109: Launching mavenrun-7118a84e-34f6-4f03-aeb7-e2ec154ba889] INFO  o.eclipse.m2e.core.internal.Bundles - 	Entry: C:\Users\dell\Downloads\eclipse-jee-2024-09-R-win32-x86_64\eclipse\plugins\org.eclipse.m2e.maven.runtime_3.9.900.20240824-1409\jars\maven-resolver-spi-1.9.22.jar
2025-02-14 16:35:33,265 [Worker-109: Launching mavenrun-7118a84e-34f6-4f03-aeb7-e2ec154ba889] INFO  o.eclipse.m2e.core.internal.Bundles - 	Entry: C:\Users\dell\Downloads\eclipse-jee-2024-09-R-win32-x86_64\eclipse\plugins\org.eclipse.m2e.maven.runtime_3.9.900.20240824-1409\jars\maven-resolver-transport-file-1.9.22.jar
2025-02-14 16:35:33,265 [Worker-109: Launching mavenrun-7118a84e-34f6-4f03-aeb7-e2ec154ba889] INFO  o.eclipse.m2e.core.internal.Bundles - 	Entry: C:\Users\dell\Downloads\eclipse-jee-2024-09-R-win32-x86_64\eclipse\plugins\org.eclipse.m2e.maven.runtime_3.9.900.20240824-1409\jars\maven-resolver-transport-http-1.9.22.jar
2025-02-14 16:35:33,265 [Worker-109: Launching mavenrun-7118a84e-34f6-4f03-aeb7-e2ec154ba889] INFO  o.eclipse.m2e.core.internal.Bundles - 	Entry: C:\Users\dell\Downloads\eclipse-jee-2024-09-R-win32-x86_64\eclipse\plugins\org.eclipse.m2e.maven.runtime_3.9.900.20240824-1409\jars\maven-resolver-transport-wagon-1.9.22.jar
2025-02-14 16:35:33,265 [Worker-109: Launching mavenrun-7118a84e-34f6-4f03-aeb7-e2ec154ba889] INFO  o.eclipse.m2e.core.internal.Bundles - 	Entry: C:\Users\dell\Downloads\eclipse-jee-2024-09-R-win32-x86_64\eclipse\plugins\org.eclipse.m2e.maven.runtime_3.9.900.20240824-1409\jars\maven-resolver-util-1.9.22.jar
2025-02-14 16:35:33,265 [Worker-109: Launching mavenrun-7118a84e-34f6-4f03-aeb7-e2ec154ba889] INFO  o.eclipse.m2e.core.internal.Bundles - 	Entry: C:\Users\dell\Downloads\eclipse-jee-2024-09-R-win32-x86_64\eclipse\plugins\org.eclipse.m2e.maven.runtime_3.9.900.20240824-1409\jars\maven-settings-3.9.9.jar
2025-02-14 16:35:33,266 [Worker-109: Launching mavenrun-7118a84e-34f6-4f03-aeb7-e2ec154ba889] INFO  o.eclipse.m2e.core.internal.Bundles - 	Entry: C:\Users\dell\Downloads\eclipse-jee-2024-09-R-win32-x86_64\eclipse\plugins\org.eclipse.m2e.maven.runtime_3.9.900.20240824-1409\jars\maven-settings-builder-3.9.9.jar
2025-02-14 16:35:33,266 [Worker-109: Launching mavenrun-7118a84e-34f6-4f03-aeb7-e2ec154ba889] INFO  o.eclipse.m2e.core.internal.Bundles - 	Entry: C:\Users\dell\Downloads\eclipse-jee-2024-09-R-win32-x86_64\eclipse\plugins\org.eclipse.m2e.maven.runtime_3.9.900.20240824-1409\jars\maven-shared-utils-3.4.2.jar
2025-02-14 16:35:33,266 [Worker-109: Launching mavenrun-7118a84e-34f6-4f03-aeb7-e2ec154ba889] INFO  o.eclipse.m2e.core.internal.Bundles - 	Entry: C:\Users\dell\Downloads\eclipse-jee-2024-09-R-win32-x86_64\eclipse\plugins\org.eclipse.m2e.maven.runtime_3.9.900.20240824-1409\jars\org.eclipse.sisu.inject-0.9.0.M3.jar
2025-02-14 16:35:33,266 [Worker-109: Launching mavenrun-7118a84e-34f6-4f03-aeb7-e2ec154ba889] INFO  o.eclipse.m2e.core.internal.Bundles - 	Entry: C:\Users\dell\Downloads\eclipse-jee-2024-09-R-win32-x86_64\eclipse\plugins\org.eclipse.m2e.maven.runtime_3.9.900.20240824-1409\jars\org.eclipse.sisu.plexus-0.9.0.M3.jar
2025-02-14 16:35:33,266 [Worker-109: Launching mavenrun-7118a84e-34f6-4f03-aeb7-e2ec154ba889] INFO  o.eclipse.m2e.core.internal.Bundles - 	Entry: C:\Users\dell\Downloads\eclipse-jee-2024-09-R-win32-x86_64\eclipse\plugins\org.eclipse.m2e.maven.runtime_3.9.900.20240824-1409\jars\plexus-build-api-0.0.7.jar
2025-02-14 16:35:33,266 [Worker-109: Launching mavenrun-7118a84e-34f6-4f03-aeb7-e2ec154ba889] INFO  o.eclipse.m2e.core.internal.Bundles - 	Entry: C:\Users\dell\Downloads\eclipse-jee-2024-09-R-win32-x86_64\eclipse\plugins\org.eclipse.m2e.maven.runtime_3.9.900.20240824-1409\jars\plexus-build-api-1.2.0.jar
2025-02-14 16:35:33,267 [Worker-109: Launching mavenrun-7118a84e-34f6-4f03-aeb7-e2ec154ba889] INFO  o.eclipse.m2e.core.internal.Bundles - 	Entry: C:\Users\dell\Downloads\eclipse-jee-2024-09-R-win32-x86_64\eclipse\plugins\org.eclipse.m2e.maven.runtime_3.9.900.20240824-1409\jars\plexus-cipher-2.0.jar
2025-02-14 16:35:33,267 [Worker-109: Launching mavenrun-7118a84e-34f6-4f03-aeb7-e2ec154ba889] INFO  o.eclipse.m2e.core.internal.Bundles - 	Entry: C:\Users\dell\Downloads\eclipse-jee-2024-09-R-win32-x86_64\eclipse\plugins\org.eclipse.m2e.maven.runtime_3.9.900.20240824-1409\jars\plexus-classworlds-2.8.0.jar
2025-02-14 16:35:33,267 [Worker-109: Launching mavenrun-7118a84e-34f6-4f03-aeb7-e2ec154ba889] INFO  o.eclipse.m2e.core.internal.Bundles - 	Entry: C:\Users\dell\Downloads\eclipse-jee-2024-09-R-win32-x86_64\eclipse\plugins\org.eclipse.m2e.maven.runtime_3.9.900.20240824-1409\jars\plexus-component-annotations-2.1.0.jar
2025-02-14 16:35:33,267 [Worker-109: Launching mavenrun-7118a84e-34f6-4f03-aeb7-e2ec154ba889] INFO  o.eclipse.m2e.core.internal.Bundles - 	Entry: C:\Users\dell\Downloads\eclipse-jee-2024-09-R-win32-x86_64\eclipse\plugins\org.eclipse.m2e.maven.runtime_3.9.900.20240824-1409\jars\plexus-interpolation-1.27.jar
2025-02-14 16:35:33,267 [Worker-109: Launching mavenrun-7118a84e-34f6-4f03-aeb7-e2ec154ba889] INFO  o.eclipse.m2e.core.internal.Bundles - 	Entry: C:\Users\dell\Downloads\eclipse-jee-2024-09-R-win32-x86_64\eclipse\plugins\org.eclipse.m2e.maven.runtime_3.9.900.20240824-1409\jars\plexus-sec-dispatcher-2.0.jar
2025-02-14 16:35:33,268 [Worker-109: Launching mavenrun-7118a84e-34f6-4f03-aeb7-e2ec154ba889] INFO  o.eclipse.m2e.core.internal.Bundles - 	Entry: C:\Users\dell\Downloads\eclipse-jee-2024-09-R-win32-x86_64\eclipse\plugins\org.eclipse.m2e.maven.runtime_3.9.900.20240824-1409\jars\plexus-utils-3.5.1.jar
2025-02-14 16:35:33,268 [Worker-109: Launching mavenrun-7118a84e-34f6-4f03-aeb7-e2ec154ba889] INFO  o.eclipse.m2e.core.internal.Bundles - 	Entry: C:\Users\dell\Downloads\eclipse-jee-2024-09-R-win32-x86_64\eclipse\plugins\org.eclipse.m2e.maven.runtime_3.9.900.20240824-1409\jars\plexus-xml-3.0.1.jar
2025-02-14 16:35:33,268 [Worker-109: Launching mavenrun-7118a84e-34f6-4f03-aeb7-e2ec154ba889] INFO  o.eclipse.m2e.core.internal.Bundles - 	Entry: C:\Users\dell\Downloads\eclipse-jee-2024-09-R-win32-x86_64\eclipse\plugins\org.eclipse.m2e.maven.runtime_3.9.900.20240824-1409\jars\wagon-file-3.5.3.jar
2025-02-14 16:35:33,268 [Worker-109: Launching mavenrun-7118a84e-34f6-4f03-aeb7-e2ec154ba889] INFO  o.eclipse.m2e.core.internal.Bundles - 	Entry: C:\Users\dell\Downloads\eclipse-jee-2024-09-R-win32-x86_64\eclipse\plugins\org.eclipse.m2e.maven.runtime_3.9.900.20240824-1409\jars\wagon-http-3.5.3.jar
2025-02-14 16:35:33,268 [Worker-109: Launching mavenrun-7118a84e-34f6-4f03-aeb7-e2ec154ba889] INFO  o.eclipse.m2e.core.internal.Bundles - 	Entry: C:\Users\dell\Downloads\eclipse-jee-2024-09-R-win32-x86_64\eclipse\plugins\org.eclipse.m2e.maven.runtime_3.9.900.20240824-1409\jars\wagon-http-shared-3.5.3.jar
2025-02-14 16:35:33,269 [Worker-109: Launching mavenrun-7118a84e-34f6-4f03-aeb7-e2ec154ba889] INFO  o.eclipse.m2e.core.internal.Bundles - 	Entry: C:\Users\dell\Downloads\eclipse-jee-2024-09-R-win32-x86_64\eclipse\plugins\org.eclipse.m2e.maven.runtime_3.9.900.20240824-1409\jars\wagon-provider-api-3.5.3.jar
2025-02-14 16:35:33,269 [Worker-109: Launching mavenrun-7118a84e-34f6-4f03-aeb7-e2ec154ba889] INFO  o.eclipse.m2e.core.internal.Bundles - getClasspathEntries(Bundle=com.google.guava_33.3.0.jre [16])
2025-02-14 16:35:33,269 [Worker-109: Launching mavenrun-7118a84e-34f6-4f03-aeb7-e2ec154ba889] INFO  o.eclipse.m2e.core.internal.Bundles - 	Entry: C:\Users\dell\Downloads\eclipse-jee-2024-09-R-win32-x86_64\eclipse\plugins\com.google.guava_33.3.0.jre.jar
2025-02-14 16:35:33,269 [Worker-109: Launching mavenrun-7118a84e-34f6-4f03-aeb7-e2ec154ba889] INFO  o.eclipse.m2e.core.internal.Bundles - getClasspathEntries(Bundle=slf4j.api_2.0.16 [1008])
2025-02-14 16:35:33,270 [Worker-109: Launching mavenrun-7118a84e-34f6-4f03-aeb7-e2ec154ba889] INFO  o.eclipse.m2e.core.internal.Bundles - 	Entry: C:\Users\dell\Downloads\eclipse-jee-2024-09-R-win32-x86_64\eclipse\plugins\slf4j.api_2.0.16.jar
2025-02-14 16:35:33,270 [Worker-109: Launching mavenrun-7118a84e-34f6-4f03-aeb7-e2ec154ba889] INFO  o.eclipse.m2e.core.internal.Bundles - getClasspathEntries(Bundle=jakarta.inject.jakarta.inject-api_1.0.5 [34])
2025-02-14 16:35:33,280 [Worker-109: Launching mavenrun-7118a84e-34f6-4f03-aeb7-e2ec154ba889] INFO  o.eclipse.m2e.core.internal.Bundles - 	Entry: C:\Users\dell\Downloads\eclipse-jee-2024-09-R-win32-x86_64\eclipse\plugins\jakarta.inject.jakarta.inject-api_1.0.5.jar
2025-02-14 16:35:33,280 [Worker-109: Launching mavenrun-7118a84e-34f6-4f03-aeb7-e2ec154ba889] INFO  o.eclipse.m2e.core.internal.Bundles - getClasspathEntries(Bundle=jakarta.annotation-api_1.3.5 [29])
2025-02-14 16:35:33,281 [Worker-109: Launching mavenrun-7118a84e-34f6-4f03-aeb7-e2ec154ba889] INFO  o.eclipse.m2e.core.internal.Bundles - 	Entry: C:\Users\dell\Downloads\eclipse-jee-2024-09-R-win32-x86_64\eclipse\plugins\jakarta.annotation-api_1.3.5.jar
2025-02-14 16:35:33,281 [Worker-109: Launching mavenrun-7118a84e-34f6-4f03-aeb7-e2ec154ba889] INFO  o.eclipse.m2e.core.internal.Bundles - getClasspathEntries(Bundle=org.apache.commons.cli_1.9.0 [78])
2025-02-14 16:35:33,282 [Worker-109: Launching mavenrun-7118a84e-34f6-4f03-aeb7-e2ec154ba889] INFO  o.eclipse.m2e.core.internal.Bundles - 	Entry: C:\Users\dell\Downloads\eclipse-jee-2024-09-R-win32-x86_64\eclipse\plugins\org.apache.commons.cli_1.9.0.jar
2025-02-14 16:35:33,282 [Worker-109: Launching mavenrun-7118a84e-34f6-4f03-aeb7-e2ec154ba889] INFO  o.eclipse.m2e.core.internal.Bundles - getClasspathEntries(Bundle=org.apache.commons.commons-codec_1.16.0 [81])
2025-02-14 16:35:33,283 [Worker-109: Launching mavenrun-7118a84e-34f6-4f03-aeb7-e2ec154ba889] INFO  o.eclipse.m2e.core.internal.Bundles - 	Entry: C:\Users\dell\Downloads\eclipse-jee-2024-09-R-win32-x86_64\eclipse\plugins\org.apache.commons.commons-codec_1.16.0.jar
2025-02-14 16:35:33,283 [Worker-109: Launching mavenrun-7118a84e-34f6-4f03-aeb7-e2ec154ba889] INFO  o.eclipse.m2e.core.internal.Bundles - getClasspathEntries(Bundle=com.google.guava.failureaccess_1.0.2 [17])
2025-02-14 16:35:33,284 [Worker-109: Launching mavenrun-7118a84e-34f6-4f03-aeb7-e2ec154ba889] INFO  o.eclipse.m2e.core.internal.Bundles - 	Entry: C:\Users\dell\Downloads\eclipse-jee-2024-09-R-win32-x86_64\eclipse\plugins\com.google.guava.failureaccess_1.0.2.jar
2025-02-14 16:35:33,286 [Worker-109: Launching mavenrun-7118a84e-34f6-4f03-aeb7-e2ec154ba889] INFO  o.e.m.i.launch.MavenLaunchDelegate - Run build in "C:\Users\dell\AppData\Local\Temp\m2e-archetypeGenerator7644686745968554661":
2025-02-14 16:35:33,286 [Worker-109: Launching mavenrun-7118a84e-34f6-4f03-aeb7-e2ec154ba889] INFO  o.e.m.i.launch.MavenLaunchDelegate -  mvn  -DarchetypeGroupId=org.apache.maven.archetypes -DarchetypeArtifactId=maven-archetype-simple -DarchetypeVersion=1.5 -DgroupId=QMS -DartifactId=training -Dversion=0.0.1-SNAPSHOT -Dpackage=QMS.training -DoutputDirectory=D:\selenium -Dstyle.color=always -U archetype:generate
2025-02-14 16:35:50,526 [Worker-107: Creating maven-archetype-simple] INFO  o.e.m.c.i.p.ProjectConfigurationManager - Collecting project info '/pom.xml' D:\selenium\training\pom.xml
2025-02-14 16:35:50,570 [Worker-107: Creating maven-archetype-simple] ERROR o.e.m.c.i.URLConnectionCaches - Unexpected URLConnection defaultUseCaches enabled
2025-02-14 16:35:50,744 [Worker-107: Creating maven-archetype-simple] INFO  o.e.m.c.i.l.LifecycleMappingFactory - Using org.eclipse.m2e.jdt.JarLifecycleMapping lifecycle mapping for MavenProject: QMS:training:0.0.1-SNAPSHOT @ D:\selenium\training\pom.xml.
2025-02-14 16:35:50,926 [Worker-107: Creating maven-archetype-simple] ERROR o.e.m.c.i.URLConnectionCaches - Unexpected URLConnection defaultUseCaches enabled
2025-02-14 16:35:50,965 [Worker-107: Creating maven-archetype-simple] INFO  o.e.m.j.i.AbstractJavaProjectConfigurator - Adding source folder /training/src/main/java
2025-02-14 16:35:50,965 [Worker-107: Creating maven-archetype-simple] INFO  o.e.m.j.i.AbstractJavaProjectConfigurator - Adding resource folder /training/src/main/resources
2025-02-14 16:35:50,981 [Worker-107: Creating maven-archetype-simple] INFO  o.e.m.j.i.AbstractJavaProjectConfigurator - Adding source folder /training/src/test/java
2025-02-14 16:35:50,982 [Worker-107: Creating maven-archetype-simple] INFO  o.e.m.j.i.AbstractJavaProjectConfigurator - Adding resource folder /training/src/test/resources
2025-02-14 16:35:51,109 [Worker-107: Creating maven-archetype-simple] INFO  o.e.m.c.i.p.ProjectConfigurationManager - Imported and configured 1 project(s) in 0 sec
2025-02-14 16:35:51,870 [Worker-107: Building] ERROR o.e.m.c.i.URLConnectionCaches - Unexpected URLConnection defaultUseCaches enabled
2025-02-14 16:35:52,097 [Worker-107: Building] INFO  o.a.m.s.f.DefaultMavenResourcesFiltering - skip non existing resourceDirectory D:\selenium\training\src\main\resources
2025-02-14 16:35:52,104 [Worker-107: Building] INFO  o.a.m.s.f.DefaultMavenResourcesFiltering - skip non existing resourceDirectory D:\selenium\training\src\test\resources
2025-02-14 16:37:06,708 [Worker-111: Building] ERROR o.e.m.c.i.URLConnectionCaches - Unexpected URLConnection defaultUseCaches enabled
2025-02-14 16:37:06,714 [Worker-111: Building] INFO  o.a.m.s.f.DefaultMavenResourcesFiltering - skip non existing resourceDirectory D:\selenium\training\src\main\resources
2025-02-14 16:37:06,722 [Worker-111: Building] INFO  o.a.m.s.f.DefaultMavenResourcesFiltering - skip non existing resourceDirectory D:\selenium\training\src\test\resources
2025-02-14 16:38:51,912 [Worker-110: Building] ERROR o.e.m.c.i.URLConnectionCaches - Unexpected URLConnection defaultUseCaches enabled
2025-02-14 16:38:51,980 [Worker-110: Building] INFO  o.e.m.c.i.l.LifecycleMappingFactory - Using org.eclipse.m2e.jdt.JarLifecycleMapping lifecycle mapping for MavenProject: QMS:training:0.0.1-SNAPSHOT @ D:\selenium\training\pom.xml.
2025-02-14 16:38:52,425 [Worker-110: Building] ERROR o.e.m.c.i.URLConnectionCaches - Unexpected URLConnection defaultUseCaches enabled
2025-02-14 16:38:52,635 [Worker-110: Building] INFO  o.a.m.s.f.DefaultMavenResourcesFiltering - skip non existing resourceDirectory D:\selenium\training\src\main\resources
2025-02-14 16:38:52,640 [Worker-110: Building] INFO  o.a.m.s.f.DefaultMavenResourcesFiltering - skip non existing resourceDirectory D:\selenium\training\src\test\resources
2025-02-14 16:38:53,765 [Worker-107: Building] ERROR o.e.m.c.i.URLConnectionCaches - Unexpected URLConnection defaultUseCaches enabled
2025-02-14 16:38:53,769 [Worker-107: Building] INFO  o.a.m.s.f.DefaultMavenResourcesFiltering - skip non existing resourceDirectory D:\selenium\training\src\main\resources
2025-02-14 16:38:53,771 [Worker-107: Building] INFO  o.a.m.s.f.DefaultMavenResourcesFiltering - skip non existing resourceDirectory D:\selenium\training\src\test\resources
2025-02-14 16:48:55,959 [Worker-109: Building] ERROR o.e.m.c.i.URLConnectionCaches - Unexpected URLConnection defaultUseCaches enabled
2025-02-14 16:48:55,964 [Worker-109: Building] INFO  o.a.m.s.f.DefaultMavenResourcesFiltering - skip non existing resourceDirectory D:\selenium\training\src\main\resources
2025-02-14 16:48:55,967 [Worker-109: Building] INFO  o.a.m.s.f.DefaultMavenResourcesFiltering - skip non existing resourceDirectory D:\selenium\training\src\test\resources
2025-02-14 16:53:25,771 [Worker-114: Building] ERROR o.e.m.c.i.URLConnectionCaches - Unexpected URLConnection defaultUseCaches enabled
2025-02-14 16:53:25,776 [Worker-114: Building] INFO  o.a.m.s.f.DefaultMavenResourcesFiltering - skip non existing resourceDirectory D:\selenium\training\src\main\resources
2025-02-14 16:53:25,779 [Worker-114: Building] INFO  o.a.m.s.f.DefaultMavenResourcesFiltering - skip non existing resourceDirectory D:\selenium\training\src\test\resources
2025-02-14 16:56:08,162 [Worker-114: Building] ERROR o.e.m.c.i.URLConnectionCaches - Unexpected URLConnection defaultUseCaches enabled
2025-02-14 16:56:08,167 [Worker-114: Building] INFO  o.a.m.s.f.DefaultMavenResourcesFiltering - skip non existing resourceDirectory D:\selenium\training\src\main\resources
2025-02-14 16:56:08,171 [Worker-114: Building] INFO  o.a.m.s.f.DefaultMavenResourcesFiltering - skip non existing resourceDirectory D:\selenium\training\src\test\resources
2025-02-14 17:00:32,409 [Worker-119: Building] ERROR o.e.m.c.i.URLConnectionCaches - Unexpected URLConnection defaultUseCaches enabled
2025-02-14 17:00:32,418 [Worker-119: Building] INFO  o.a.m.s.f.DefaultMavenResourcesFiltering - skip non existing resourceDirectory D:\selenium\training\src\main\resources
2025-02-14 17:00:32,423 [Worker-119: Building] INFO  o.a.m.s.f.DefaultMavenResourcesFiltering - skip non existing resourceDirectory D:\selenium\training\src\test\resources
2025-02-14 17:05:15,553 [Worker-120: Building] ERROR o.e.m.c.i.URLConnectionCaches - Unexpected URLConnection defaultUseCaches enabled
2025-02-14 17:05:15,557 [Worker-120: Building] INFO  o.a.m.s.f.DefaultMavenResourcesFiltering - skip non existing resourceDirectory D:\selenium\training\src\main\resources
2025-02-14 17:05:15,559 [Worker-120: Building] INFO  o.a.m.s.f.DefaultMavenResourcesFiltering - skip non existing resourceDirectory D:\selenium\training\src\test\resources
2025-02-14 17:06:01,552 [Worker-125: Building] ERROR o.e.m.c.i.URLConnectionCaches - Unexpected URLConnection defaultUseCaches enabled
2025-02-14 17:06:01,555 [Worker-125: Building] INFO  o.a.m.s.f.DefaultMavenResourcesFiltering - skip non existing resourceDirectory D:\selenium\training\src\main\resources
2025-02-14 17:06:01,559 [Worker-125: Building] INFO  o.a.m.s.f.DefaultMavenResourcesFiltering - skip non existing resourceDirectory D:\selenium\training\src\test\resources
2025-02-14 17:11:34,020 [Worker-127: Building] ERROR o.e.m.c.i.URLConnectionCaches - Unexpected URLConnection defaultUseCaches enabled
2025-02-14 17:11:34,023 [Worker-127: Building] INFO  o.a.m.s.f.DefaultMavenResourcesFiltering - skip non existing resourceDirectory D:\selenium\training\src\main\resources
2025-02-14 17:11:34,026 [Worker-127: Building] INFO  o.a.m.s.f.DefaultMavenResourcesFiltering - skip non existing resourceDirectory D:\selenium\training\src\test\resources
2025-02-14 17:21:38,827 [Worker-132: Building] ERROR o.e.m.c.i.URLConnectionCaches - Unexpected URLConnection defaultUseCaches enabled
2025-02-14 17:21:38,831 [Worker-132: Building] INFO  o.a.m.s.f.DefaultMavenResourcesFiltering - skip non existing resourceDirectory D:\selenium\training\src\main\resources
2025-02-14 17:21:38,834 [Worker-132: Building] INFO  o.a.m.s.f.DefaultMavenResourcesFiltering - skip non existing resourceDirectory D:\selenium\training\src\test\resources
2025-02-14 17:34:27,875 [Worker-135: Building] ERROR o.e.m.c.i.URLConnectionCaches - Unexpected URLConnection defaultUseCaches enabled
2025-02-14 17:34:27,877 [Worker-135: Building] INFO  o.a.m.s.f.DefaultMavenResourcesFiltering - skip non existing resourceDirectory D:\selenium\training\src\main\resources
2025-02-14 17:34:27,880 [Worker-135: Building] INFO  o.a.m.s.f.DefaultMavenResourcesFiltering - skip non existing resourceDirectory D:\selenium\training\src\test\resources
2025-02-14 18:00:33,800 [Stop Help Server] INFO  org.eclipse.jetty.server.Server - Stopped oejs.Server@580eeaaf{STOPPING}[12.0.12,sto=0]
2025-02-14 18:00:33,829 [Stop Help Server] INFO  o.e.jetty.server.AbstractConnector - Stopped ServerConnector@3210b5cf{HTTP/1.1, (http/1.1)}{127.0.0.1:0}
2025-02-14 20:51:43,498 [Worker-0: Loading available Gradle versions] INFO  o.e.b.c.i.u.g.PublishedGradleVersions - Gradle version information cache is up-to-date. Trying to read.
2025-02-14 20:56:22,545 [Worker-18: Building] INFO  o.a.m.s.f.DefaultMavenResourcesFiltering - skip non existing resourceDirectory D:\selenium\training\src\main\resources
2025-02-14 20:56:22,553 [Worker-18: Building] INFO  o.a.m.s.f.DefaultMavenResourcesFiltering - skip non existing resourceDirectory D:\selenium\training\src\test\resources
2025-02-14 21:20:04,133 [Worker-23: Building] INFO  o.a.m.s.f.DefaultMavenResourcesFiltering - skip non existing resourceDirectory D:\selenium\training\src\main\resources
2025-02-14 21:20:04,137 [Worker-23: Building] INFO  o.a.m.s.f.DefaultMavenResourcesFiltering - skip non existing resourceDirectory D:\selenium\training\src\test\resources
2025-02-14 21:20:37,355 [Worker-26: Building] INFO  o.a.m.s.f.DefaultMavenResourcesFiltering - skip non existing resourceDirectory D:\selenium\training\src\main\resources
2025-02-14 21:20:37,358 [Worker-26: Building] INFO  o.a.m.s.f.DefaultMavenResourcesFiltering - skip non existing resourceDirectory D:\selenium\training\src\test\resources
2025-02-14 21:21:43,517 [Worker-26: Building] INFO  o.a.m.s.f.DefaultMavenResourcesFiltering - skip non existing resourceDirectory D:\selenium\training\src\main\resources
2025-02-14 21:21:43,521 [Worker-26: Building] INFO  o.a.m.s.f.DefaultMavenResourcesFiltering - skip non existing resourceDirectory D:\selenium\training\src\test\resources
2025-02-14 21:35:26,371 [Worker-24: Building] INFO  o.a.m.s.f.DefaultMavenResourcesFiltering - skip non existing resourceDirectory D:\selenium\training\src\main\resources
2025-02-14 21:35:26,375 [Worker-24: Building] INFO  o.a.m.s.f.DefaultMavenResourcesFiltering - skip non existing resourceDirectory D:\selenium\training\src\test\resources
2025-02-15 10:32:43,941 [Worker-2: Loading available Gradle versions] INFO  o.e.b.c.i.u.g.PublishedGradleVersions - Gradle version information cache is up-to-date. Trying to read.
2025-02-15 10:42:42,739 [Worker-11: Launching practice_001] INFO  o.a.m.s.f.DefaultMavenResourcesFiltering - skip non existing resourceDirectory D:\selenium\training\src\main\resources
2025-02-15 10:42:42,746 [Worker-11: Launching practice_001] INFO  o.a.m.s.f.DefaultMavenResourcesFiltering - skip non existing resourceDirectory D:\selenium\training\src\test\resources
2025-02-15 10:51:21,095 [Worker-1: Building] INFO  o.a.m.s.f.DefaultMavenResourcesFiltering - skip non existing resourceDirectory D:\selenium\training\src\main\resources
2025-02-15 10:51:21,099 [Worker-1: Building] INFO  o.a.m.s.f.DefaultMavenResourcesFiltering - skip non existing resourceDirectory D:\selenium\training\src\test\resources
2025-02-15 10:53:55,111 [Worker-18: Building] INFO  o.a.m.s.f.DefaultMavenResourcesFiltering - skip non existing resourceDirectory D:\selenium\training\src\main\resources
2025-02-15 10:53:55,115 [Worker-18: Building] INFO  o.a.m.s.f.DefaultMavenResourcesFiltering - skip non existing resourceDirectory D:\selenium\training\src\test\resources
2025-02-15 11:27:51,251 [Worker-25: Building] INFO  o.a.m.s.f.DefaultMavenResourcesFiltering - skip non existing resourceDirectory D:\selenium\training\src\main\resources
2025-02-15 11:27:51,255 [Worker-25: Building] INFO  o.a.m.s.f.DefaultMavenResourcesFiltering - skip non existing resourceDirectory D:\selenium\training\src\test\resources
2025-02-15 11:40:37,567 [Worker-23: Building] INFO  o.a.m.s.f.DefaultMavenResourcesFiltering - skip non existing resourceDirectory D:\selenium\training\src\main\resources
2025-02-15 11:40:37,570 [Worker-23: Building] INFO  o.a.m.s.f.DefaultMavenResourcesFiltering - skip non existing resourceDirectory D:\selenium\training\src\test\resources
2025-02-15 12:11:19,897 [Worker-41: Building] INFO  o.a.m.s.f.DefaultMavenResourcesFiltering - skip non existing resourceDirectory D:\selenium\training\src\main\resources
2025-02-15 12:11:19,900 [Worker-41: Building] INFO  o.a.m.s.f.DefaultMavenResourcesFiltering - skip non existing resourceDirectory D:\selenium\training\src\test\resources
2025-02-15 12:14:47,335 [Worker-43: Building] INFO  o.a.m.s.f.DefaultMavenResourcesFiltering - skip non existing resourceDirectory D:\selenium\training\src\main\resources
2025-02-15 12:14:47,339 [Worker-43: Building] INFO  o.a.m.s.f.DefaultMavenResourcesFiltering - skip non existing resourceDirectory D:\selenium\training\src\test\resources
2025-02-15 12:20:38,008 [Worker-48: Building] INFO  o.a.m.s.f.DefaultMavenResourcesFiltering - skip non existing resourceDirectory D:\selenium\training\src\main\resources
2025-02-15 12:20:38,012 [Worker-48: Building] INFO  o.a.m.s.f.DefaultMavenResourcesFiltering - skip non existing resourceDirectory D:\selenium\training\src\test\resources
2025-02-15 12:22:43,252 [Worker-50: Building] INFO  o.a.m.s.f.DefaultMavenResourcesFiltering - skip non existing resourceDirectory D:\selenium\training\src\main\resources
2025-02-15 12:22:43,255 [Worker-50: Building] INFO  o.a.m.s.f.DefaultMavenResourcesFiltering - skip non existing resourceDirectory D:\selenium\training\src\test\resources
2025-02-15 12:35:12,210 [Worker-52: Building] INFO  o.a.m.s.f.DefaultMavenResourcesFiltering - skip non existing resourceDirectory D:\selenium\training\src\main\resources
2025-02-15 12:35:12,213 [Worker-52: Building] INFO  o.a.m.s.f.DefaultMavenResourcesFiltering - skip non existing resourceDirectory D:\selenium\training\src\test\resources
2025-02-15 12:42:15,626 [Worker-54: Building] INFO  o.a.m.s.f.DefaultMavenResourcesFiltering - skip non existing resourceDirectory D:\selenium\training\src\main\resources
2025-02-15 12:42:15,630 [Worker-54: Building] INFO  o.a.m.s.f.DefaultMavenResourcesFiltering - skip non existing resourceDirectory D:\selenium\training\src\test\resources
2025-02-15 12:44:42,150 [Worker-56: Building] INFO  o.a.m.s.f.DefaultMavenResourcesFiltering - skip non existing resourceDirectory D:\selenium\training\src\main\resources
2025-02-15 12:44:42,153 [Worker-56: Building] INFO  o.a.m.s.f.DefaultMavenResourcesFiltering - skip non existing resourceDirectory D:\selenium\training\src\test\resources
2025-02-15 12:45:26,724 [Worker-57: Building] INFO  o.a.m.s.f.DefaultMavenResourcesFiltering - skip non existing resourceDirectory D:\selenium\training\src\main\resources
2025-02-15 12:45:26,728 [Worker-57: Building] INFO  o.a.m.s.f.DefaultMavenResourcesFiltering - skip non existing resourceDirectory D:\selenium\training\src\test\resources
2025-02-15 12:48:27,701 [Worker-57: Building] INFO  o.a.m.s.f.DefaultMavenResourcesFiltering - skip non existing resourceDirectory D:\selenium\training\src\main\resources
2025-02-15 12:48:27,704 [Worker-57: Building] INFO  o.a.m.s.f.DefaultMavenResourcesFiltering - skip non existing resourceDirectory D:\selenium\training\src\test\resources
2025-02-15 12:49:56,189 [Worker-54: Building] INFO  o.a.m.s.f.DefaultMavenResourcesFiltering - skip non existing resourceDirectory D:\selenium\training\src\main\resources
2025-02-15 12:49:56,192 [Worker-54: Building] INFO  o.a.m.s.f.DefaultMavenResourcesFiltering - skip non existing resourceDirectory D:\selenium\training\src\test\resources
2025-02-15 12:56:59,926 [Worker-57: Building] INFO  o.a.m.s.f.DefaultMavenResourcesFiltering - skip non existing resourceDirectory D:\selenium\training\src\main\resources
2025-02-15 12:56:59,931 [Worker-57: Building] INFO  o.a.m.s.f.DefaultMavenResourcesFiltering - skip non existing resourceDirectory D:\selenium\training\src\test\resources
2025-02-15 14:20:51,957 [Worker-77: Building] INFO  o.a.m.s.f.DefaultMavenResourcesFiltering - skip non existing resourceDirectory D:\selenium\training\src\main\resources
2025-02-15 14:20:51,960 [Worker-77: Building] INFO  o.a.m.s.f.DefaultMavenResourcesFiltering - skip non existing resourceDirectory D:\selenium\training\src\test\resources
2025-02-15 14:23:35,954 [Worker-74: Building] INFO  o.a.m.s.f.DefaultMavenResourcesFiltering - skip non existing resourceDirectory D:\selenium\training\src\main\resources
2025-02-15 14:23:35,957 [Worker-74: Building] INFO  o.a.m.s.f.DefaultMavenResourcesFiltering - skip non existing resourceDirectory D:\selenium\training\src\test\resources
2025-02-15 14:48:02,457 [Worker-85: Building] INFO  o.a.m.s.f.DefaultMavenResourcesFiltering - skip non existing resourceDirectory D:\selenium\training\src\main\resources
2025-02-15 14:48:02,461 [Worker-85: Building] INFO  o.a.m.s.f.DefaultMavenResourcesFiltering - skip non existing resourceDirectory D:\selenium\training\src\test\resources
2025-02-15 15:02:06,338 [Worker-87: Building] INFO  o.a.m.s.f.DefaultMavenResourcesFiltering - skip non existing resourceDirectory D:\selenium\training\src\main\resources
2025-02-15 15:02:06,341 [Worker-87: Building] INFO  o.a.m.s.f.DefaultMavenResourcesFiltering - skip non existing resourceDirectory D:\selenium\training\src\test\resources
2025-02-15 15:07:08,889 [Worker-91: Building] INFO  o.a.m.s.f.DefaultMavenResourcesFiltering - skip non existing resourceDirectory D:\selenium\training\src\main\resources
2025-02-15 15:07:08,896 [Worker-91: Building] INFO  o.a.m.s.f.DefaultMavenResourcesFiltering - skip non existing resourceDirectory D:\selenium\training\src\test\resources
2025-02-15 15:13:53,422 [Worker-87: Building] INFO  o.a.m.s.f.DefaultMavenResourcesFiltering - skip non existing resourceDirectory D:\selenium\training\src\main\resources
2025-02-15 15:13:53,425 [Worker-87: Building] INFO  o.a.m.s.f.DefaultMavenResourcesFiltering - skip non existing resourceDirectory D:\selenium\training\src\test\resources
2025-02-15 15:16:46,511 [Worker-98: Building] INFO  o.a.m.s.f.DefaultMavenResourcesFiltering - skip non existing resourceDirectory D:\selenium\training\src\main\resources
2025-02-15 15:16:46,514 [Worker-98: Building] INFO  o.a.m.s.f.DefaultMavenResourcesFiltering - skip non existing resourceDirectory D:\selenium\training\src\test\resources
2025-02-15 15:20:34,027 [Worker-98: Building] INFO  o.a.m.s.f.DefaultMavenResourcesFiltering - skip non existing resourceDirectory D:\selenium\training\src\main\resources
2025-02-15 15:20:34,030 [Worker-98: Building] INFO  o.a.m.s.f.DefaultMavenResourcesFiltering - skip non existing resourceDirectory D:\selenium\training\src\test\resources
2025-02-15 15:23:10,087 [Worker-102: Building] INFO  o.a.m.s.f.DefaultMavenResourcesFiltering - skip non existing resourceDirectory D:\selenium\training\src\main\resources
2025-02-15 15:23:10,090 [Worker-102: Building] INFO  o.a.m.s.f.DefaultMavenResourcesFiltering - skip non existing resourceDirectory D:\selenium\training\src\test\resources
2025-02-15 15:28:21,837 [Worker-102: Building] INFO  o.a.m.s.f.DefaultMavenResourcesFiltering - skip non existing resourceDirectory D:\selenium\training\src\main\resources
2025-02-15 15:28:21,840 [Worker-102: Building] INFO  o.a.m.s.f.DefaultMavenResourcesFiltering - skip non existing resourceDirectory D:\selenium\training\src\test\resources
2025-02-15 15:32:35,642 [Worker-102: Building] INFO  o.a.m.s.f.DefaultMavenResourcesFiltering - skip non existing resourceDirectory D:\selenium\training\src\main\resources
2025-02-15 15:32:35,645 [Worker-102: Building] INFO  o.a.m.s.f.DefaultMavenResourcesFiltering - skip non existing resourceDirectory D:\selenium\training\src\test\resources
2025-02-15 15:35:45,823 [Worker-111: Building] INFO  o.a.m.s.f.DefaultMavenResourcesFiltering - skip non existing resourceDirectory D:\selenium\training\src\main\resources
2025-02-15 15:35:45,826 [Worker-111: Building] INFO  o.a.m.s.f.DefaultMavenResourcesFiltering - skip non existing resourceDirectory D:\selenium\training\src\test\resources
2025-02-15 15:37:15,173 [Worker-110: Building] INFO  o.a.m.s.f.DefaultMavenResourcesFiltering - skip non existing resourceDirectory D:\selenium\training\src\main\resources
2025-02-15 15:37:15,175 [Worker-110: Building] INFO  o.a.m.s.f.DefaultMavenResourcesFiltering - skip non existing resourceDirectory D:\selenium\training\src\test\resources
2025-02-15 15:43:14,804 [Worker-111: Building] INFO  o.a.m.s.f.DefaultMavenResourcesFiltering - skip non existing resourceDirectory D:\selenium\training\src\main\resources
2025-02-15 15:43:14,807 [Worker-111: Building] INFO  o.a.m.s.f.DefaultMavenResourcesFiltering - skip non existing resourceDirectory D:\selenium\training\src\test\resources
2025-02-15 16:23:51,036 [Worker-124: Building] INFO  o.a.m.s.f.DefaultMavenResourcesFiltering - skip non existing resourceDirectory D:\selenium\training\src\main\resources
2025-02-15 16:23:51,039 [Worker-124: Building] INFO  o.a.m.s.f.DefaultMavenResourcesFiltering - skip non existing resourceDirectory D:\selenium\training\src\test\resources
2025-02-15 16:31:19,708 [Worker-129: Building] INFO  o.a.m.s.f.DefaultMavenResourcesFiltering - skip non existing resourceDirectory D:\selenium\training\src\main\resources
2025-02-15 16:31:19,715 [Worker-129: Building] INFO  o.a.m.s.f.DefaultMavenResourcesFiltering - skip non existing resourceDirectory D:\selenium\training\src\test\resources
2025-02-15 16:32:12,681 [Worker-126: Building] INFO  o.a.m.s.f.DefaultMavenResourcesFiltering - skip non existing resourceDirectory D:\selenium\training\src\main\resources
2025-02-15 16:32:12,684 [Worker-126: Building] INFO  o.a.m.s.f.DefaultMavenResourcesFiltering - skip non existing resourceDirectory D:\selenium\training\src\test\resources
2025-02-15 16:38:30,188 [Worker-126: Building] INFO  o.a.m.s.f.DefaultMavenResourcesFiltering - skip non existing resourceDirectory D:\selenium\training\src\main\resources
2025-02-15 16:38:30,191 [Worker-126: Building] INFO  o.a.m.s.f.DefaultMavenResourcesFiltering - skip non existing resourceDirectory D:\selenium\training\src\test\resources
2025-02-15 16:44:19,076 [Worker-136: Building] INFO  o.a.m.s.f.DefaultMavenResourcesFiltering - skip non existing resourceDirectory D:\selenium\training\src\main\resources
2025-02-15 16:44:19,078 [Worker-136: Building] INFO  o.a.m.s.f.DefaultMavenResourcesFiltering - skip non existing resourceDirectory D:\selenium\training\src\test\resources
2025-02-17 10:08:05,076 [Worker-0: Loading available Gradle versions] INFO  o.e.b.c.i.u.g.PublishedGradleVersions - Gradle version information cache is out-of-date. Trying to update.
2025-02-17 10:09:05,467 [Worker-8: Building] INFO  o.a.m.s.f.DefaultMavenResourcesFiltering - skip non existing resourceDirectory D:\selenium\training\src\main\resources
2025-02-17 10:09:05,475 [Worker-8: Building] INFO  o.a.m.s.f.DefaultMavenResourcesFiltering - skip non existing resourceDirectory D:\selenium\training\src\test\resources
2025-02-17 10:17:53,177 [Worker-14: Building] INFO  o.a.m.s.f.DefaultMavenResourcesFiltering - skip non existing resourceDirectory D:\selenium\training\src\main\resources
2025-02-17 10:17:53,181 [Worker-14: Building] INFO  o.a.m.s.f.DefaultMavenResourcesFiltering - skip non existing resourceDirectory D:\selenium\training\src\test\resources
2025-02-17 10:23:45,269 [Worker-16: Building] INFO  o.a.m.s.f.DefaultMavenResourcesFiltering - skip non existing resourceDirectory D:\selenium\training\src\main\resources
2025-02-17 10:23:45,272 [Worker-16: Building] INFO  o.a.m.s.f.DefaultMavenResourcesFiltering - skip non existing resourceDirectory D:\selenium\training\src\test\resources
2025-02-17 10:23:55,211 [Worker-7: Building] INFO  o.a.m.s.f.DefaultMavenResourcesFiltering - skip non existing resourceDirectory D:\selenium\training\src\main\resources
2025-02-17 10:23:55,215 [Worker-7: Building] INFO  o.a.m.s.f.DefaultMavenResourcesFiltering - skip non existing resourceDirectory D:\selenium\training\src\test\resources
2025-02-17 10:24:29,254 [Worker-16: Building] INFO  o.a.m.s.f.DefaultMavenResourcesFiltering - skip non existing resourceDirectory D:\selenium\training\src\main\resources
2025-02-17 10:24:29,258 [Worker-16: Building] INFO  o.a.m.s.f.DefaultMavenResourcesFiltering - skip non existing resourceDirectory D:\selenium\training\src\test\resources
2025-02-17 10:44:33,264 [Worker-19: Building] INFO  o.a.m.s.f.DefaultMavenResourcesFiltering - skip non existing resourceDirectory D:\selenium\training\src\main\resources
2025-02-17 10:44:33,269 [Worker-19: Building] INFO  o.a.m.s.f.DefaultMavenResourcesFiltering - skip non existing resourceDirectory D:\selenium\training\src\test\resources
2025-02-17 11:33:57,060 [Worker-27: Building] INFO  o.a.m.s.f.DefaultMavenResourcesFiltering - skip non existing resourceDirectory D:\selenium\training\src\main\resources
2025-02-17 11:33:57,063 [Worker-27: Building] INFO  o.a.m.s.f.DefaultMavenResourcesFiltering - skip non existing resourceDirectory D:\selenium\training\src\test\resources
2025-02-17 11:56:04,013 [Worker-36: Building] INFO  o.a.m.s.f.DefaultMavenResourcesFiltering - skip non existing resourceDirectory D:\selenium\training\src\main\resources
2025-02-17 11:56:04,020 [Worker-36: Building] INFO  o.a.m.s.f.DefaultMavenResourcesFiltering - skip non existing resourceDirectory D:\selenium\training\src\test\resources
2025-02-17 12:01:09,272 [Worker-33: Building] INFO  o.a.m.s.f.DefaultMavenResourcesFiltering - skip non existing resourceDirectory D:\selenium\training\src\main\resources
2025-02-17 12:01:09,277 [Worker-33: Building] INFO  o.a.m.s.f.DefaultMavenResourcesFiltering - skip non existing resourceDirectory D:\selenium\training\src\test\resources
2025-02-17 12:30:43,310 [Worker-47: Building] INFO  o.a.m.s.f.DefaultMavenResourcesFiltering - skip non existing resourceDirectory D:\selenium\training\src\main\resources
2025-02-17 12:30:43,314 [Worker-47: Building] INFO  o.a.m.s.f.DefaultMavenResourcesFiltering - skip non existing resourceDirectory D:\selenium\training\src\test\resources
2025-02-17 12:46:30,516 [Worker-53: Building] INFO  o.a.m.s.f.DefaultMavenResourcesFiltering - skip non existing resourceDirectory D:\selenium\training\src\main\resources
2025-02-17 12:46:30,519 [Worker-53: Building] INFO  o.a.m.s.f.DefaultMavenResourcesFiltering - skip non existing resourceDirectory D:\selenium\training\src\test\resources
2025-02-17 12:48:45,465 [Worker-54: Building] INFO  o.a.m.s.f.DefaultMavenResourcesFiltering - skip non existing resourceDirectory D:\selenium\training\src\main\resources
2025-02-17 12:48:45,471 [Worker-54: Building] INFO  o.a.m.s.f.DefaultMavenResourcesFiltering - skip non existing resourceDirectory D:\selenium\training\src\test\resources
2025-02-17 12:56:52,487 [Worker-60: Building] INFO  o.a.m.s.f.DefaultMavenResourcesFiltering - skip non existing resourceDirectory D:\selenium\training\src\main\resources
2025-02-17 12:56:52,491 [Worker-60: Building] INFO  o.a.m.s.f.DefaultMavenResourcesFiltering - skip non existing resourceDirectory D:\selenium\training\src\test\resources
2025-02-17 13:04:00,704 [Worker-63: Building] INFO  o.a.m.s.f.DefaultMavenResourcesFiltering - skip non existing resourceDirectory D:\selenium\training\src\main\resources
2025-02-17 13:04:00,708 [Worker-63: Building] INFO  o.a.m.s.f.DefaultMavenResourcesFiltering - skip non existing resourceDirectory D:\selenium\training\src\test\resources
2025-02-17 13:10:33,446 [Worker-66: Building] INFO  o.a.m.s.f.DefaultMavenResourcesFiltering - skip non existing resourceDirectory D:\selenium\training\src\main\resources
2025-02-17 13:10:33,450 [Worker-66: Building] INFO  o.a.m.s.f.DefaultMavenResourcesFiltering - skip non existing resourceDirectory D:\selenium\training\src\test\resources
2025-02-17 13:11:23,680 [Worker-67: Launching practice_001] INFO  o.a.m.s.f.DefaultMavenResourcesFiltering - skip non existing resourceDirectory D:\selenium\training\src\main\resources
2025-02-17 13:11:23,684 [Worker-67: Launching practice_001] INFO  o.a.m.s.f.DefaultMavenResourcesFiltering - skip non existing resourceDirectory D:\selenium\training\src\test\resources
2025-02-17 13:11:33,104 [Worker-68: Building] INFO  o.a.m.s.f.DefaultMavenResourcesFiltering - skip non existing resourceDirectory D:\selenium\training\src\main\resources
2025-02-17 13:11:33,109 [Worker-68: Building] INFO  o.a.m.s.f.DefaultMavenResourcesFiltering - skip non existing resourceDirectory D:\selenium\training\src\test\resources
2025-02-17 13:14:53,201 [Worker-66: Building] INFO  o.a.m.s.f.DefaultMavenResourcesFiltering - skip non existing resourceDirectory D:\selenium\training\src\main\resources
2025-02-17 13:14:53,204 [Worker-66: Building] INFO  o.a.m.s.f.DefaultMavenResourcesFiltering - skip non existing resourceDirectory D:\selenium\training\src\test\resources
2025-02-17 14:23:23,905 [Worker-73: Building] INFO  o.a.m.s.f.DefaultMavenResourcesFiltering - skip non existing resourceDirectory D:\selenium\training\src\main\resources
2025-02-17 14:23:23,908 [Worker-73: Building] INFO  o.a.m.s.f.DefaultMavenResourcesFiltering - skip non existing resourceDirectory D:\selenium\training\src\test\resources
2025-02-17 14:29:04,494 [Worker-73: Building] INFO  o.a.m.s.f.DefaultMavenResourcesFiltering - skip non existing resourceDirectory D:\selenium\training\src\main\resources
2025-02-17 14:29:04,498 [Worker-73: Building] INFO  o.a.m.s.f.DefaultMavenResourcesFiltering - skip non existing resourceDirectory D:\selenium\training\src\test\resources
2025-02-17 14:41:43,616 [Worker-81: Building] INFO  o.a.m.s.f.DefaultMavenResourcesFiltering - skip non existing resourceDirectory D:\selenium\training\src\main\resources
2025-02-17 14:41:43,620 [Worker-81: Building] INFO  o.a.m.s.f.DefaultMavenResourcesFiltering - skip non existing resourceDirectory D:\selenium\training\src\test\resources
2025-02-17 14:43:56,581 [Worker-81: Building] INFO  o.a.m.s.f.DefaultMavenResourcesFiltering - skip non existing resourceDirectory D:\selenium\training\src\main\resources
2025-02-17 14:43:56,584 [Worker-81: Building] INFO  o.a.m.s.f.DefaultMavenResourcesFiltering - skip non existing resourceDirectory D:\selenium\training\src\test\resources
2025-02-17 14:45:14,544 [Worker-80: Building] INFO  o.a.m.s.f.DefaultMavenResourcesFiltering - skip non existing resourceDirectory D:\selenium\training\src\main\resources
2025-02-17 14:45:14,547 [Worker-80: Building] INFO  o.a.m.s.f.DefaultMavenResourcesFiltering - skip non existing resourceDirectory D:\selenium\training\src\test\resources
2025-02-17 14:47:16,722 [Worker-78: Building] INFO  o.a.m.s.f.DefaultMavenResourcesFiltering - skip non existing resourceDirectory D:\selenium\training\src\main\resources
2025-02-17 14:47:16,725 [Worker-78: Building] INFO  o.a.m.s.f.DefaultMavenResourcesFiltering - skip non existing resourceDirectory D:\selenium\training\src\test\resources
2025-02-17 14:48:30,136 [Worker-82: Building] INFO  o.a.m.s.f.DefaultMavenResourcesFiltering - skip non existing resourceDirectory D:\selenium\training\src\main\resources
2025-02-17 14:48:30,140 [Worker-82: Building] INFO  o.a.m.s.f.DefaultMavenResourcesFiltering - skip non existing resourceDirectory D:\selenium\training\src\test\resources
2025-02-17 14:58:57,469 [Worker-81: Building] INFO  o.a.m.s.f.DefaultMavenResourcesFiltering - skip non existing resourceDirectory D:\selenium\training\src\main\resources
2025-02-17 14:58:57,472 [Worker-81: Building] INFO  o.a.m.s.f.DefaultMavenResourcesFiltering - skip non existing resourceDirectory D:\selenium\training\src\test\resources
2025-02-17 15:05:01,926 [Worker-89: Building] INFO  o.a.m.s.f.DefaultMavenResourcesFiltering - skip non existing resourceDirectory D:\selenium\training\src\main\resources
2025-02-17 15:05:01,929 [Worker-89: Building] INFO  o.a.m.s.f.DefaultMavenResourcesFiltering - skip non existing resourceDirectory D:\selenium\training\src\test\resources
2025-02-17 15:08:31,561 [Worker-81: Building] INFO  o.a.m.s.f.DefaultMavenResourcesFiltering - skip non existing resourceDirectory D:\selenium\training\src\main\resources
2025-02-17 15:08:31,565 [Worker-81: Building] INFO  o.a.m.s.f.DefaultMavenResourcesFiltering - skip non existing resourceDirectory D:\selenium\training\src\test\resources
2025-02-17 15:16:04,137 [Worker-91: Building] INFO  o.a.m.s.f.DefaultMavenResourcesFiltering - skip non existing resourceDirectory D:\selenium\training\src\main\resources
2025-02-17 15:16:04,142 [Worker-91: Building] INFO  o.a.m.s.f.DefaultMavenResourcesFiltering - skip non existing resourceDirectory D:\selenium\training\src\test\resources
2025-02-17 15:19:52,199 [Worker-94: Building] INFO  o.a.m.s.f.DefaultMavenResourcesFiltering - skip non existing resourceDirectory D:\selenium\training\src\main\resources
2025-02-17 15:19:52,205 [Worker-94: Building] INFO  o.a.m.s.f.DefaultMavenResourcesFiltering - skip non existing resourceDirectory D:\selenium\training\src\test\resources
2025-02-17 15:33:03,447 [Worker-100: Building] INFO  o.a.m.s.f.DefaultMavenResourcesFiltering - skip non existing resourceDirectory D:\selenium\training\src\main\resources
2025-02-17 15:33:03,450 [Worker-100: Building] INFO  o.a.m.s.f.DefaultMavenResourcesFiltering - skip non existing resourceDirectory D:\selenium\training\src\test\resources
2025-02-17 15:46:50,616 [Worker-101: Building] INFO  o.a.m.s.f.DefaultMavenResourcesFiltering - skip non existing resourceDirectory D:\selenium\training\src\main\resources
2025-02-17 15:46:50,619 [Worker-101: Building] INFO  o.a.m.s.f.DefaultMavenResourcesFiltering - skip non existing resourceDirectory D:\selenium\training\src\test\resources
2025-02-17 15:49:41,302 [Worker-102: Building] INFO  o.a.m.s.f.DefaultMavenResourcesFiltering - skip non existing resourceDirectory D:\selenium\training\src\main\resources
2025-02-17 15:49:41,305 [Worker-102: Building] INFO  o.a.m.s.f.DefaultMavenResourcesFiltering - skip non existing resourceDirectory D:\selenium\training\src\test\resources
2025-02-17 15:52:55,385 [Worker-101: Building] INFO  o.a.m.s.f.DefaultMavenResourcesFiltering - skip non existing resourceDirectory D:\selenium\training\src\main\resources
2025-02-17 15:52:55,389 [Worker-101: Building] INFO  o.a.m.s.f.DefaultMavenResourcesFiltering - skip non existing resourceDirectory D:\selenium\training\src\test\resources
2025-02-17 15:57:01,426 [Worker-106: Launching practice_001] INFO  o.a.m.s.f.DefaultMavenResourcesFiltering - skip non existing resourceDirectory D:\selenium\training\src\main\resources
2025-02-17 15:57:01,429 [Worker-106: Launching practice_001] INFO  o.a.m.s.f.DefaultMavenResourcesFiltering - skip non existing resourceDirectory D:\selenium\training\src\test\resources
2025-02-17 15:58:28,212 [Worker-108: Building] INFO  o.a.m.s.f.DefaultMavenResourcesFiltering - skip non existing resourceDirectory D:\selenium\training\src\main\resources
2025-02-17 15:58:28,216 [Worker-108: Building] INFO  o.a.m.s.f.DefaultMavenResourcesFiltering - skip non existing resourceDirectory D:\selenium\training\src\test\resources
2025-02-17 16:10:33,492 [Worker-115: Building] INFO  o.a.m.s.f.DefaultMavenResourcesFiltering - skip non existing resourceDirectory D:\selenium\training\src\main\resources
2025-02-17 16:10:33,496 [Worker-115: Building] INFO  o.a.m.s.f.DefaultMavenResourcesFiltering - skip non existing resourceDirectory D:\selenium\training\src\test\resources
2025-02-17 16:16:13,166 [Worker-116: Building] INFO  o.a.m.s.f.DefaultMavenResourcesFiltering - skip non existing resourceDirectory D:\selenium\training\src\main\resources
2025-02-17 16:16:13,169 [Worker-116: Building] INFO  o.a.m.s.f.DefaultMavenResourcesFiltering - skip non existing resourceDirectory D:\selenium\training\src\test\resources
2025-02-17 16:17:16,868 [Worker-116: Building] INFO  o.a.m.s.f.DefaultMavenResourcesFiltering - skip non existing resourceDirectory D:\selenium\training\src\main\resources
2025-02-17 16:17:16,872 [Worker-116: Building] INFO  o.a.m.s.f.DefaultMavenResourcesFiltering - skip non existing resourceDirectory D:\selenium\training\src\test\resources
2025-02-17 16:18:33,447 [Worker-116: Building] INFO  o.a.m.s.f.DefaultMavenResourcesFiltering - skip non existing resourceDirectory D:\selenium\training\src\main\resources
2025-02-17 16:18:33,449 [Worker-116: Building] INFO  o.a.m.s.f.DefaultMavenResourcesFiltering - skip non existing resourceDirectory D:\selenium\training\src\test\resources
2025-02-17 16:19:08,246 [Worker-117: Launching practice_001] INFO  o.a.m.s.f.DefaultMavenResourcesFiltering - skip non existing resourceDirectory D:\selenium\training\src\main\resources
2025-02-17 16:19:08,250 [Worker-117: Launching practice_001] INFO  o.a.m.s.f.DefaultMavenResourcesFiltering - skip non existing resourceDirectory D:\selenium\training\src\test\resources
2025-02-17 16:19:42,554 [Worker-121: Building] INFO  o.a.m.s.f.DefaultMavenResourcesFiltering - skip non existing resourceDirectory D:\selenium\training\src\main\resources
2025-02-17 16:19:42,557 [Worker-121: Building] INFO  o.a.m.s.f.DefaultMavenResourcesFiltering - skip non existing resourceDirectory D:\selenium\training\src\test\resources
2025-02-17 16:38:45,116 [Worker-116: Building] INFO  o.a.m.s.f.DefaultMavenResourcesFiltering - skip non existing resourceDirectory D:\selenium\training\src\main\resources
2025-02-17 16:38:45,119 [Worker-116: Building] INFO  o.a.m.s.f.DefaultMavenResourcesFiltering - skip non existing resourceDirectory D:\selenium\training\src\test\resources
2025-02-17 17:14:26,982 [Worker-131: Building] INFO  o.a.m.s.f.DefaultMavenResourcesFiltering - skip non existing resourceDirectory D:\selenium\training\src\main\resources
2025-02-17 17:14:26,985 [Worker-131: Building] INFO  o.a.m.s.f.DefaultMavenResourcesFiltering - skip non existing resourceDirectory D:\selenium\training\src\test\resources
2025-02-19 10:36:15,266 [Worker-0: Loading available Gradle versions] INFO  o.e.b.c.i.u.g.PublishedGradleVersions - Gradle version information cache is out-of-date. Trying to update.
2025-02-19 11:03:19,445 [Worker-9: Launching practice_001] INFO  o.a.m.s.f.DefaultMavenResourcesFiltering - skip non existing resourceDirectory D:\selenium\training\src\main\resources
2025-02-19 11:03:19,454 [Worker-9: Launching practice_001] INFO  o.a.m.s.f.DefaultMavenResourcesFiltering - skip non existing resourceDirectory D:\selenium\training\src\test\resources
2025-02-19 11:04:42,102 [Worker-19: Building] INFO  o.a.m.s.f.DefaultMavenResourcesFiltering - skip non existing resourceDirectory D:\selenium\training\src\main\resources
2025-02-19 11:04:42,107 [Worker-19: Building] INFO  o.a.m.s.f.DefaultMavenResourcesFiltering - skip non existing resourceDirectory D:\selenium\training\src\test\resources
2025-02-19 11:05:32,505 [Worker-18: Building] INFO  o.a.m.s.f.DefaultMavenResourcesFiltering - skip non existing resourceDirectory D:\selenium\training\src\main\resources
2025-02-19 11:05:32,508 [Worker-18: Building] INFO  o.a.m.s.f.DefaultMavenResourcesFiltering - skip non existing resourceDirectory D:\selenium\training\src\test\resources
2025-02-19 11:07:22,894 [Worker-17: Building] INFO  o.a.m.s.f.DefaultMavenResourcesFiltering - skip non existing resourceDirectory D:\selenium\training\src\main\resources
2025-02-19 11:07:22,897 [Worker-17: Building] INFO  o.a.m.s.f.DefaultMavenResourcesFiltering - skip non existing resourceDirectory D:\selenium\training\src\test\resources
2025-02-19 11:14:21,207 [Worker-25: Building] INFO  o.a.m.s.f.DefaultMavenResourcesFiltering - skip non existing resourceDirectory D:\selenium\training\src\main\resources
2025-02-19 11:14:21,211 [Worker-25: Building] INFO  o.a.m.s.f.DefaultMavenResourcesFiltering - skip non existing resourceDirectory D:\selenium\training\src\test\resources
2025-02-19 11:14:58,463 [Worker-24: Building] INFO  o.a.m.s.f.DefaultMavenResourcesFiltering - skip non existing resourceDirectory D:\selenium\training\src\main\resources
2025-02-19 11:14:58,467 [Worker-24: Building] INFO  o.a.m.s.f.DefaultMavenResourcesFiltering - skip non existing resourceDirectory D:\selenium\training\src\test\resources
2025-02-19 11:15:56,810 [Worker-24: Building] INFO  o.a.m.s.f.DefaultMavenResourcesFiltering - skip non existing resourceDirectory D:\selenium\training\src\main\resources
2025-02-19 11:15:56,814 [Worker-24: Building] INFO  o.a.m.s.f.DefaultMavenResourcesFiltering - skip non existing resourceDirectory D:\selenium\training\src\test\resources
2025-02-19 11:16:55,046 [Worker-27: Building] INFO  o.a.m.s.f.DefaultMavenResourcesFiltering - skip non existing resourceDirectory D:\selenium\training\src\main\resources
2025-02-19 11:16:55,049 [Worker-27: Building] INFO  o.a.m.s.f.DefaultMavenResourcesFiltering - skip non existing resourceDirectory D:\selenium\training\src\test\resources
2025-02-19 11:20:46,156 [Worker-27: Building] INFO  o.a.m.s.f.DefaultMavenResourcesFiltering - skip non existing resourceDirectory D:\selenium\training\src\main\resources
2025-02-19 11:20:46,159 [Worker-27: Building] INFO  o.a.m.s.f.DefaultMavenResourcesFiltering - skip non existing resourceDirectory D:\selenium\training\src\test\resources
